The system is: Linux - 4.15.0-43-generic - x86_64
Compiling the C compiler identification source file "CMakeCCompilerId.c" succeeded.
Compiler: /usr/bin/cc 
Build flags: 
Id flags:  

The output was:
0


Compilation of the C compiler identification source "CMakeCCompilerId.c" produced "a.out"

The C compiler identification is GNU, found in "/home/roryconlin/GoogleDrive/SCHOOL/Princeton/PPPL/eigen/build/CMakeFiles/3.10.2/CompilerIdC/a.out"

Compiling the CXX compiler identification source file "CMakeCXXCompilerId.cpp" succeeded.
Compiler: /usr/bin/c++ 
Build flags: 
Id flags:  

The output was:
0


Compilation of the CXX compiler identification source "CMakeCXXCompilerId.cpp" produced "a.out"

The CXX compiler identification is GNU, found in "/home/roryconlin/GoogleDrive/SCHOOL/Princeton/PPPL/eigen/build/CMakeFiles/3.10.2/CompilerIdCXX/a.out"

Determining if the C compiler works passed with the following output:
Change Dir: /home/roryconlin/GoogleDrive/SCHOOL/Princeton/PPPL/eigen/build/CMakeFiles/CMakeTmp

Run Build Command:"/usr/bin/make" "cmTC_e9ff1/fast"
/usr/bin/make -f CMakeFiles/cmTC_e9ff1.dir/build.make CMakeFiles/cmTC_e9ff1.dir/build
make[1]: Entering directory '/home/roryconlin/GoogleDrive/SCHOOL/Princeton/PPPL/eigen/build/CMakeFiles/CMakeTmp'
Building C object CMakeFiles/cmTC_e9ff1.dir/testCCompiler.c.o
/usr/bin/cc    -o CMakeFiles/cmTC_e9ff1.dir/testCCompiler.c.o   -c /home/roryconlin/GoogleDrive/SCHOOL/Princeton/PPPL/eigen/build/CMakeFiles/CMakeTmp/testCCompiler.c
Linking C executable cmTC_e9ff1
/usr/bin/cmake -E cmake_link_script CMakeFiles/cmTC_e9ff1.dir/link.txt --verbose=1
/usr/bin/cc      -rdynamic CMakeFiles/cmTC_e9ff1.dir/testCCompiler.c.o  -o cmTC_e9ff1 
make[1]: Leaving directory '/home/roryconlin/GoogleDrive/SCHOOL/Princeton/PPPL/eigen/build/CMakeFiles/CMakeTmp'


Detecting C compiler ABI info compiled with the following output:
Change Dir: /home/roryconlin/GoogleDrive/SCHOOL/Princeton/PPPL/eigen/build/CMakeFiles/CMakeTmp

Run Build Command:"/usr/bin/make" "cmTC_5a756/fast"
/usr/bin/make -f CMakeFiles/cmTC_5a756.dir/build.make CMakeFiles/cmTC_5a756.dir/build
make[1]: Entering directory '/home/roryconlin/GoogleDrive/SCHOOL/Princeton/PPPL/eigen/build/CMakeFiles/CMakeTmp'
Building C object CMakeFiles/cmTC_5a756.dir/CMakeCCompilerABI.c.o
/usr/bin/cc    -o CMakeFiles/cmTC_5a756.dir/CMakeCCompilerABI.c.o   -c /usr/share/cmake-3.10/Modules/CMakeCCompilerABI.c
Linking C executable cmTC_5a756
/usr/bin/cmake -E cmake_link_script CMakeFiles/cmTC_5a756.dir/link.txt --verbose=1
/usr/bin/cc     -v -rdynamic CMakeFiles/cmTC_5a756.dir/CMakeCCompilerABI.c.o  -o cmTC_5a756 
Using built-in specs.
COLLECT_GCC=/usr/bin/cc
COLLECT_LTO_WRAPPER=/usr/lib/gcc/x86_64-linux-gnu/7/lto-wrapper
OFFLOAD_TARGET_NAMES=nvptx-none
OFFLOAD_TARGET_DEFAULT=1
Target: x86_64-linux-gnu
Configured with: ../src/configure -v --with-pkgversion='Ubuntu 7.3.0-27ubuntu1~18.04' --with-bugurl=file:///usr/share/doc/gcc-7/README.Bugs --enable-languages=c,ada,c++,go,brig,d,fortran,objc,obj-c++ --prefix=/usr --with-gcc-major-version-only --program-suffix=-7 --program-prefix=x86_64-linux-gnu- --enable-shared --enable-linker-build-id --libexecdir=/usr/lib --without-included-gettext --enable-threads=posix --libdir=/usr/lib --enable-nls --with-sysroot=/ --enable-clocale=gnu --enable-libstdcxx-debug --enable-libstdcxx-time=yes --with-default-libstdcxx-abi=new --enable-gnu-unique-object --disable-vtable-verify --enable-libmpx --enable-plugin --enable-default-pie --with-system-zlib --with-target-system-zlib --enable-objc-gc=auto --enable-multiarch --disable-werror --with-arch-32=i686 --with-abi=m64 --with-multilib-list=m32,m64,mx32 --enable-multilib --with-tune=generic --enable-offload-targets=nvptx-none --without-cuda-driver --enable-checking=release --build=x86_64-linux-gnu --host=x86_64-linux-gnu --target=x86_64-linux-gnu
Thread model: posix
gcc version 7.3.0 (Ubuntu 7.3.0-27ubuntu1~18.04) 
COMPILER_PATH=/usr/lib/gcc/x86_64-linux-gnu/7/:/usr/lib/gcc/x86_64-linux-gnu/7/:/usr/lib/gcc/x86_64-linux-gnu/:/usr/lib/gcc/x86_64-linux-gnu/7/:/usr/lib/gcc/x86_64-linux-gnu/
LIBRARY_PATH=/usr/lib/gcc/x86_64-linux-gnu/7/:/usr/lib/gcc/x86_64-linux-gnu/7/../../../x86_64-linux-gnu/:/usr/lib/gcc/x86_64-linux-gnu/7/../../../../lib/:/lib/x86_64-linux-gnu/:/lib/../lib/:/usr/lib/x86_64-linux-gnu/:/usr/lib/../lib/:/usr/lib/gcc/x86_64-linux-gnu/7/../../../:/lib/:/usr/lib/
COLLECT_GCC_OPTIONS='-v' '-rdynamic' '-o' 'cmTC_5a756' '-mtune=generic' '-march=x86-64'
 /usr/lib/gcc/x86_64-linux-gnu/7/collect2 -plugin /usr/lib/gcc/x86_64-linux-gnu/7/liblto_plugin.so -plugin-opt=/usr/lib/gcc/x86_64-linux-gnu/7/lto-wrapper -plugin-opt=-fresolution=/tmp/ccfOztNN.res -plugin-opt=-pass-through=-lgcc -plugin-opt=-pass-through=-lgcc_s -plugin-opt=-pass-through=-lc -plugin-opt=-pass-through=-lgcc -plugin-opt=-pass-through=-lgcc_s --sysroot=/ --build-id --eh-frame-hdr -m elf_x86_64 --hash-style=gnu --as-needed -export-dynamic -dynamic-linker /lib64/ld-linux-x86-64.so.2 -pie -z now -z relro -o cmTC_5a756 /usr/lib/gcc/x86_64-linux-gnu/7/../../../x86_64-linux-gnu/Scrt1.o /usr/lib/gcc/x86_64-linux-gnu/7/../../../x86_64-linux-gnu/crti.o /usr/lib/gcc/x86_64-linux-gnu/7/crtbeginS.o -L/usr/lib/gcc/x86_64-linux-gnu/7 -L/usr/lib/gcc/x86_64-linux-gnu/7/../../../x86_64-linux-gnu -L/usr/lib/gcc/x86_64-linux-gnu/7/../../../../lib -L/lib/x86_64-linux-gnu -L/lib/../lib -L/usr/lib/x86_64-linux-gnu -L/usr/lib/../lib -L/usr/lib/gcc/x86_64-linux-gnu/7/../../.. CMakeFiles/cmTC_5a756.dir/CMakeCCompilerABI.c.o -lgcc --push-state --as-needed -lgcc_s --pop-state -lc -lgcc --push-state --as-needed -lgcc_s --pop-state /usr/lib/gcc/x86_64-linux-gnu/7/crtendS.o /usr/lib/gcc/x86_64-linux-gnu/7/../../../x86_64-linux-gnu/crtn.o
COLLECT_GCC_OPTIONS='-v' '-rdynamic' '-o' 'cmTC_5a756' '-mtune=generic' '-march=x86-64'
make[1]: Leaving directory '/home/roryconlin/GoogleDrive/SCHOOL/Princeton/PPPL/eigen/build/CMakeFiles/CMakeTmp'


Parsed C implicit link information from above output:
  link line regex: [^( *|.*[/\])(ld|CMAKE_LINK_STARTFILE-NOTFOUND|([^/\]+-)?ld|collect2)[^/\]*( |$)]
  ignore line: [Change Dir: /home/roryconlin/GoogleDrive/SCHOOL/Princeton/PPPL/eigen/build/CMakeFiles/CMakeTmp]
  ignore line: []
  ignore line: [Run Build Command:"/usr/bin/make" "cmTC_5a756/fast"]
  ignore line: [/usr/bin/make -f CMakeFiles/cmTC_5a756.dir/build.make CMakeFiles/cmTC_5a756.dir/build]
  ignore line: [make[1]: Entering directory '/home/roryconlin/GoogleDrive/SCHOOL/Princeton/PPPL/eigen/build/CMakeFiles/CMakeTmp']
  ignore line: [Building C object CMakeFiles/cmTC_5a756.dir/CMakeCCompilerABI.c.o]
  ignore line: [/usr/bin/cc    -o CMakeFiles/cmTC_5a756.dir/CMakeCCompilerABI.c.o   -c /usr/share/cmake-3.10/Modules/CMakeCCompilerABI.c]
  ignore line: [Linking C executable cmTC_5a756]
  ignore line: [/usr/bin/cmake -E cmake_link_script CMakeFiles/cmTC_5a756.dir/link.txt --verbose=1]
  ignore line: [/usr/bin/cc     -v -rdynamic CMakeFiles/cmTC_5a756.dir/CMakeCCompilerABI.c.o  -o cmTC_5a756 ]
  ignore line: [Using built-in specs.]
  ignore line: [COLLECT_GCC=/usr/bin/cc]
  ignore line: [COLLECT_LTO_WRAPPER=/usr/lib/gcc/x86_64-linux-gnu/7/lto-wrapper]
  ignore line: [OFFLOAD_TARGET_NAMES=nvptx-none]
  ignore line: [OFFLOAD_TARGET_DEFAULT=1]
  ignore line: [Target: x86_64-linux-gnu]
  ignore line: [Configured with: ../src/configure -v --with-pkgversion='Ubuntu 7.3.0-27ubuntu1~18.04' --with-bugurl=file:///usr/share/doc/gcc-7/README.Bugs --enable-languages=c,ada,c++,go,brig,d,fortran,objc,obj-c++ --prefix=/usr --with-gcc-major-version-only --program-suffix=-7 --program-prefix=x86_64-linux-gnu- --enable-shared --enable-linker-build-id --libexecdir=/usr/lib --without-included-gettext --enable-threads=posix --libdir=/usr/lib --enable-nls --with-sysroot=/ --enable-clocale=gnu --enable-libstdcxx-debug --enable-libstdcxx-time=yes --with-default-libstdcxx-abi=new --enable-gnu-unique-object --disable-vtable-verify --enable-libmpx --enable-plugin --enable-default-pie --with-system-zlib --with-target-system-zlib --enable-objc-gc=auto --enable-multiarch --disable-werror --with-arch-32=i686 --with-abi=m64 --with-multilib-list=m32,m64,mx32 --enable-multilib --with-tune=generic --enable-offload-targets=nvptx-none --without-cuda-driver --enable-checking=release --build=x86_64-linux-gnu --host=x86_64-linux-gnu --target=x86_64-linux-gnu]
  ignore line: [Thread model: posix]
  ignore line: [gcc version 7.3.0 (Ubuntu 7.3.0-27ubuntu1~18.04) ]
  ignore line: [COMPILER_PATH=/usr/lib/gcc/x86_64-linux-gnu/7/:/usr/lib/gcc/x86_64-linux-gnu/7/:/usr/lib/gcc/x86_64-linux-gnu/:/usr/lib/gcc/x86_64-linux-gnu/7/:/usr/lib/gcc/x86_64-linux-gnu/]
  ignore line: [LIBRARY_PATH=/usr/lib/gcc/x86_64-linux-gnu/7/:/usr/lib/gcc/x86_64-linux-gnu/7/../../../x86_64-linux-gnu/:/usr/lib/gcc/x86_64-linux-gnu/7/../../../../lib/:/lib/x86_64-linux-gnu/:/lib/../lib/:/usr/lib/x86_64-linux-gnu/:/usr/lib/../lib/:/usr/lib/gcc/x86_64-linux-gnu/7/../../../:/lib/:/usr/lib/]
  ignore line: [COLLECT_GCC_OPTIONS='-v' '-rdynamic' '-o' 'cmTC_5a756' '-mtune=generic' '-march=x86-64']
  link line: [ /usr/lib/gcc/x86_64-linux-gnu/7/collect2 -plugin /usr/lib/gcc/x86_64-linux-gnu/7/liblto_plugin.so -plugin-opt=/usr/lib/gcc/x86_64-linux-gnu/7/lto-wrapper -plugin-opt=-fresolution=/tmp/ccfOztNN.res -plugin-opt=-pass-through=-lgcc -plugin-opt=-pass-through=-lgcc_s -plugin-opt=-pass-through=-lc -plugin-opt=-pass-through=-lgcc -plugin-opt=-pass-through=-lgcc_s --sysroot=/ --build-id --eh-frame-hdr -m elf_x86_64 --hash-style=gnu --as-needed -export-dynamic -dynamic-linker /lib64/ld-linux-x86-64.so.2 -pie -z now -z relro -o cmTC_5a756 /usr/lib/gcc/x86_64-linux-gnu/7/../../../x86_64-linux-gnu/Scrt1.o /usr/lib/gcc/x86_64-linux-gnu/7/../../../x86_64-linux-gnu/crti.o /usr/lib/gcc/x86_64-linux-gnu/7/crtbeginS.o -L/usr/lib/gcc/x86_64-linux-gnu/7 -L/usr/lib/gcc/x86_64-linux-gnu/7/../../../x86_64-linux-gnu -L/usr/lib/gcc/x86_64-linux-gnu/7/../../../../lib -L/lib/x86_64-linux-gnu -L/lib/../lib -L/usr/lib/x86_64-linux-gnu -L/usr/lib/../lib -L/usr/lib/gcc/x86_64-linux-gnu/7/../../.. CMakeFiles/cmTC_5a756.dir/CMakeCCompilerABI.c.o -lgcc --push-state --as-needed -lgcc_s --pop-state -lc -lgcc --push-state --as-needed -lgcc_s --pop-state /usr/lib/gcc/x86_64-linux-gnu/7/crtendS.o /usr/lib/gcc/x86_64-linux-gnu/7/../../../x86_64-linux-gnu/crtn.o]
    arg [/usr/lib/gcc/x86_64-linux-gnu/7/collect2] ==> ignore
    arg [-plugin] ==> ignore
    arg [/usr/lib/gcc/x86_64-linux-gnu/7/liblto_plugin.so] ==> ignore
    arg [-plugin-opt=/usr/lib/gcc/x86_64-linux-gnu/7/lto-wrapper] ==> ignore
    arg [-plugin-opt=-fresolution=/tmp/ccfOztNN.res] ==> ignore
    arg [-plugin-opt=-pass-through=-lgcc] ==> ignore
    arg [-plugin-opt=-pass-through=-lgcc_s] ==> ignore
    arg [-plugin-opt=-pass-through=-lc] ==> ignore
    arg [-plugin-opt=-pass-through=-lgcc] ==> ignore
    arg [-plugin-opt=-pass-through=-lgcc_s] ==> ignore
    arg [--sysroot=/] ==> ignore
    arg [--build-id] ==> ignore
    arg [--eh-frame-hdr] ==> ignore
    arg [-m] ==> ignore
    arg [elf_x86_64] ==> ignore
    arg [--hash-style=gnu] ==> ignore
    arg [--as-needed] ==> ignore
    arg [-export-dynamic] ==> ignore
    arg [-dynamic-linker] ==> ignore
    arg [/lib64/ld-linux-x86-64.so.2] ==> ignore
    arg [-pie] ==> ignore
    arg [-znow] ==> ignore
    arg [-zrelro] ==> ignore
    arg [-o] ==> ignore
    arg [cmTC_5a756] ==> ignore
    arg [/usr/lib/gcc/x86_64-linux-gnu/7/../../../x86_64-linux-gnu/Scrt1.o] ==> ignore
    arg [/usr/lib/gcc/x86_64-linux-gnu/7/../../../x86_64-linux-gnu/crti.o] ==> ignore
    arg [/usr/lib/gcc/x86_64-linux-gnu/7/crtbeginS.o] ==> ignore
    arg [-L/usr/lib/gcc/x86_64-linux-gnu/7] ==> dir [/usr/lib/gcc/x86_64-linux-gnu/7]
    arg [-L/usr/lib/gcc/x86_64-linux-gnu/7/../../../x86_64-linux-gnu] ==> dir [/usr/lib/gcc/x86_64-linux-gnu/7/../../../x86_64-linux-gnu]
    arg [-L/usr/lib/gcc/x86_64-linux-gnu/7/../../../../lib] ==> dir [/usr/lib/gcc/x86_64-linux-gnu/7/../../../../lib]
    arg [-L/lib/x86_64-linux-gnu] ==> dir [/lib/x86_64-linux-gnu]
    arg [-L/lib/../lib] ==> dir [/lib/../lib]
    arg [-L/usr/lib/x86_64-linux-gnu] ==> dir [/usr/lib/x86_64-linux-gnu]
    arg [-L/usr/lib/../lib] ==> dir [/usr/lib/../lib]
    arg [-L/usr/lib/gcc/x86_64-linux-gnu/7/../../..] ==> dir [/usr/lib/gcc/x86_64-linux-gnu/7/../../..]
    arg [CMakeFiles/cmTC_5a756.dir/CMakeCCompilerABI.c.o] ==> ignore
    arg [-lgcc] ==> lib [gcc]
    arg [--push-state] ==> ignore
    arg [--as-needed] ==> ignore
    arg [-lgcc_s] ==> lib [gcc_s]
    arg [--pop-state] ==> ignore
    arg [-lc] ==> lib [c]
    arg [-lgcc] ==> lib [gcc]
    arg [--push-state] ==> ignore
    arg [--as-needed] ==> ignore
    arg [-lgcc_s] ==> lib [gcc_s]
    arg [--pop-state] ==> ignore
    arg [/usr/lib/gcc/x86_64-linux-gnu/7/crtendS.o] ==> ignore
    arg [/usr/lib/gcc/x86_64-linux-gnu/7/../../../x86_64-linux-gnu/crtn.o] ==> ignore
  collapse library dir [/usr/lib/gcc/x86_64-linux-gnu/7] ==> [/usr/lib/gcc/x86_64-linux-gnu/7]
  collapse library dir [/usr/lib/gcc/x86_64-linux-gnu/7/../../../x86_64-linux-gnu] ==> [/usr/lib/x86_64-linux-gnu]
  collapse library dir [/usr/lib/gcc/x86_64-linux-gnu/7/../../../../lib] ==> [/usr/lib]
  collapse library dir [/lib/x86_64-linux-gnu] ==> [/lib/x86_64-linux-gnu]
  collapse library dir [/lib/../lib] ==> [/lib]
  collapse library dir [/usr/lib/x86_64-linux-gnu] ==> [/usr/lib/x86_64-linux-gnu]
  collapse library dir [/usr/lib/../lib] ==> [/usr/lib]
  collapse library dir [/usr/lib/gcc/x86_64-linux-gnu/7/../../..] ==> [/usr/lib]
  implicit libs: [gcc;gcc_s;c;gcc;gcc_s]
  implicit dirs: [/usr/lib/gcc/x86_64-linux-gnu/7;/usr/lib/x86_64-linux-gnu;/usr/lib;/lib/x86_64-linux-gnu;/lib]
  implicit fwks: []




Detecting C [-std=c11] compiler features compiled with the following output:
Change Dir: /home/roryconlin/GoogleDrive/SCHOOL/Princeton/PPPL/eigen/build/CMakeFiles/CMakeTmp

Run Build Command:"/usr/bin/make" "cmTC_a59a4/fast"
/usr/bin/make -f CMakeFiles/cmTC_a59a4.dir/build.make CMakeFiles/cmTC_a59a4.dir/build
make[1]: Entering directory '/home/roryconlin/GoogleDrive/SCHOOL/Princeton/PPPL/eigen/build/CMakeFiles/CMakeTmp'
Building C object CMakeFiles/cmTC_a59a4.dir/feature_tests.c.o
/usr/bin/cc   -std=c11 -o CMakeFiles/cmTC_a59a4.dir/feature_tests.c.o   -c /home/roryconlin/GoogleDrive/SCHOOL/Princeton/PPPL/eigen/build/CMakeFiles/feature_tests.c
Linking C executable cmTC_a59a4
/usr/bin/cmake -E cmake_link_script CMakeFiles/cmTC_a59a4.dir/link.txt --verbose=1
/usr/bin/cc      -rdynamic CMakeFiles/cmTC_a59a4.dir/feature_tests.c.o  -o cmTC_a59a4 
make[1]: Leaving directory '/home/roryconlin/GoogleDrive/SCHOOL/Princeton/PPPL/eigen/build/CMakeFiles/CMakeTmp'


    Feature record: C_FEATURE:1c_function_prototypes
    Feature record: C_FEATURE:1c_restrict
    Feature record: C_FEATURE:1c_static_assert
    Feature record: C_FEATURE:1c_variadic_macros


Detecting C [-std=c99] compiler features compiled with the following output:
Change Dir: /home/roryconlin/GoogleDrive/SCHOOL/Princeton/PPPL/eigen/build/CMakeFiles/CMakeTmp

Run Build Command:"/usr/bin/make" "cmTC_bde7d/fast"
/usr/bin/make -f CMakeFiles/cmTC_bde7d.dir/build.make CMakeFiles/cmTC_bde7d.dir/build
make[1]: Entering directory '/home/roryconlin/GoogleDrive/SCHOOL/Princeton/PPPL/eigen/build/CMakeFiles/CMakeTmp'
Building C object CMakeFiles/cmTC_bde7d.dir/feature_tests.c.o
/usr/bin/cc   -std=c99 -o CMakeFiles/cmTC_bde7d.dir/feature_tests.c.o   -c /home/roryconlin/GoogleDrive/SCHOOL/Princeton/PPPL/eigen/build/CMakeFiles/feature_tests.c
Linking C executable cmTC_bde7d
/usr/bin/cmake -E cmake_link_script CMakeFiles/cmTC_bde7d.dir/link.txt --verbose=1
/usr/bin/cc      -rdynamic CMakeFiles/cmTC_bde7d.dir/feature_tests.c.o  -o cmTC_bde7d 
make[1]: Leaving directory '/home/roryconlin/GoogleDrive/SCHOOL/Princeton/PPPL/eigen/build/CMakeFiles/CMakeTmp'


    Feature record: C_FEATURE:1c_function_prototypes
    Feature record: C_FEATURE:1c_restrict
    Feature record: C_FEATURE:0c_static_assert
    Feature record: C_FEATURE:1c_variadic_macros


Detecting C [-std=c90] compiler features compiled with the following output:
Change Dir: /home/roryconlin/GoogleDrive/SCHOOL/Princeton/PPPL/eigen/build/CMakeFiles/CMakeTmp

Run Build Command:"/usr/bin/make" "cmTC_09142/fast"
/usr/bin/make -f CMakeFiles/cmTC_09142.dir/build.make CMakeFiles/cmTC_09142.dir/build
make[1]: Entering directory '/home/roryconlin/GoogleDrive/SCHOOL/Princeton/PPPL/eigen/build/CMakeFiles/CMakeTmp'
Building C object CMakeFiles/cmTC_09142.dir/feature_tests.c.o
/usr/bin/cc   -std=c90 -o CMakeFiles/cmTC_09142.dir/feature_tests.c.o   -c /home/roryconlin/GoogleDrive/SCHOOL/Princeton/PPPL/eigen/build/CMakeFiles/feature_tests.c
Linking C executable cmTC_09142
/usr/bin/cmake -E cmake_link_script CMakeFiles/cmTC_09142.dir/link.txt --verbose=1
/usr/bin/cc      -rdynamic CMakeFiles/cmTC_09142.dir/feature_tests.c.o  -o cmTC_09142 
make[1]: Leaving directory '/home/roryconlin/GoogleDrive/SCHOOL/Princeton/PPPL/eigen/build/CMakeFiles/CMakeTmp'


    Feature record: C_FEATURE:1c_function_prototypes
    Feature record: C_FEATURE:0c_restrict
    Feature record: C_FEATURE:0c_static_assert
    Feature record: C_FEATURE:0c_variadic_macros
Determining if the CXX compiler works passed with the following output:
Change Dir: /home/roryconlin/GoogleDrive/SCHOOL/Princeton/PPPL/eigen/build/CMakeFiles/CMakeTmp

Run Build Command:"/usr/bin/make" "cmTC_dc224/fast"
/usr/bin/make -f CMakeFiles/cmTC_dc224.dir/build.make CMakeFiles/cmTC_dc224.dir/build
make[1]: Entering directory '/home/roryconlin/GoogleDrive/SCHOOL/Princeton/PPPL/eigen/build/CMakeFiles/CMakeTmp'
Building CXX object CMakeFiles/cmTC_dc224.dir/testCXXCompiler.cxx.o
/usr/bin/c++     -o CMakeFiles/cmTC_dc224.dir/testCXXCompiler.cxx.o -c /home/roryconlin/GoogleDrive/SCHOOL/Princeton/PPPL/eigen/build/CMakeFiles/CMakeTmp/testCXXCompiler.cxx
Linking CXX executable cmTC_dc224
/usr/bin/cmake -E cmake_link_script CMakeFiles/cmTC_dc224.dir/link.txt --verbose=1
/usr/bin/c++       -rdynamic CMakeFiles/cmTC_dc224.dir/testCXXCompiler.cxx.o  -o cmTC_dc224 
make[1]: Leaving directory '/home/roryconlin/GoogleDrive/SCHOOL/Princeton/PPPL/eigen/build/CMakeFiles/CMakeTmp'


Detecting CXX compiler ABI info compiled with the following output:
Change Dir: /home/roryconlin/GoogleDrive/SCHOOL/Princeton/PPPL/eigen/build/CMakeFiles/CMakeTmp

Run Build Command:"/usr/bin/make" "cmTC_193b6/fast"
/usr/bin/make -f CMakeFiles/cmTC_193b6.dir/build.make CMakeFiles/cmTC_193b6.dir/build
make[1]: Entering directory '/home/roryconlin/GoogleDrive/SCHOOL/Princeton/PPPL/eigen/build/CMakeFiles/CMakeTmp'
Building CXX object CMakeFiles/cmTC_193b6.dir/CMakeCXXCompilerABI.cpp.o
/usr/bin/c++     -o CMakeFiles/cmTC_193b6.dir/CMakeCXXCompilerABI.cpp.o -c /usr/share/cmake-3.10/Modules/CMakeCXXCompilerABI.cpp
Linking CXX executable cmTC_193b6
/usr/bin/cmake -E cmake_link_script CMakeFiles/cmTC_193b6.dir/link.txt --verbose=1
/usr/bin/c++      -v -rdynamic CMakeFiles/cmTC_193b6.dir/CMakeCXXCompilerABI.cpp.o  -o cmTC_193b6 
Using built-in specs.
COLLECT_GCC=/usr/bin/c++
COLLECT_LTO_WRAPPER=/usr/lib/gcc/x86_64-linux-gnu/7/lto-wrapper
OFFLOAD_TARGET_NAMES=nvptx-none
OFFLOAD_TARGET_DEFAULT=1
Target: x86_64-linux-gnu
Configured with: ../src/configure -v --with-pkgversion='Ubuntu 7.3.0-27ubuntu1~18.04' --with-bugurl=file:///usr/share/doc/gcc-7/README.Bugs --enable-languages=c,ada,c++,go,brig,d,fortran,objc,obj-c++ --prefix=/usr --with-gcc-major-version-only --program-suffix=-7 --program-prefix=x86_64-linux-gnu- --enable-shared --enable-linker-build-id --libexecdir=/usr/lib --without-included-gettext --enable-threads=posix --libdir=/usr/lib --enable-nls --with-sysroot=/ --enable-clocale=gnu --enable-libstdcxx-debug --enable-libstdcxx-time=yes --with-default-libstdcxx-abi=new --enable-gnu-unique-object --disable-vtable-verify --enable-libmpx --enable-plugin --enable-default-pie --with-system-zlib --with-target-system-zlib --enable-objc-gc=auto --enable-multiarch --disable-werror --with-arch-32=i686 --with-abi=m64 --with-multilib-list=m32,m64,mx32 --enable-multilib --with-tune=generic --enable-offload-targets=nvptx-none --without-cuda-driver --enable-checking=release --build=x86_64-linux-gnu --host=x86_64-linux-gnu --target=x86_64-linux-gnu
Thread model: posix
gcc version 7.3.0 (Ubuntu 7.3.0-27ubuntu1~18.04) 
COMPILER_PATH=/usr/lib/gcc/x86_64-linux-gnu/7/:/usr/lib/gcc/x86_64-linux-gnu/7/:/usr/lib/gcc/x86_64-linux-gnu/:/usr/lib/gcc/x86_64-linux-gnu/7/:/usr/lib/gcc/x86_64-linux-gnu/
LIBRARY_PATH=/usr/lib/gcc/x86_64-linux-gnu/7/:/usr/lib/gcc/x86_64-linux-gnu/7/../../../x86_64-linux-gnu/:/usr/lib/gcc/x86_64-linux-gnu/7/../../../../lib/:/lib/x86_64-linux-gnu/:/lib/../lib/:/usr/lib/x86_64-linux-gnu/:/usr/lib/../lib/:/usr/lib/gcc/x86_64-linux-gnu/7/../../../:/lib/:/usr/lib/
COLLECT_GCC_OPTIONS='-v' '-rdynamic' '-o' 'cmTC_193b6' '-shared-libgcc' '-mtune=generic' '-march=x86-64'
 /usr/lib/gcc/x86_64-linux-gnu/7/collect2 -plugin /usr/lib/gcc/x86_64-linux-gnu/7/liblto_plugin.so -plugin-opt=/usr/lib/gcc/x86_64-linux-gnu/7/lto-wrapper -plugin-opt=-fresolution=/tmp/ccEppdOX.res -plugin-opt=-pass-through=-lgcc_s -plugin-opt=-pass-through=-lgcc -plugin-opt=-pass-through=-lc -plugin-opt=-pass-through=-lgcc_s -plugin-opt=-pass-through=-lgcc --sysroot=/ --build-id --eh-frame-hdr -m elf_x86_64 --hash-style=gnu --as-needed -export-dynamic -dynamic-linker /lib64/ld-linux-x86-64.so.2 -pie -z now -z relro -o cmTC_193b6 /usr/lib/gcc/x86_64-linux-gnu/7/../../../x86_64-linux-gnu/Scrt1.o /usr/lib/gcc/x86_64-linux-gnu/7/../../../x86_64-linux-gnu/crti.o /usr/lib/gcc/x86_64-linux-gnu/7/crtbeginS.o -L/usr/lib/gcc/x86_64-linux-gnu/7 -L/usr/lib/gcc/x86_64-linux-gnu/7/../../../x86_64-linux-gnu -L/usr/lib/gcc/x86_64-linux-gnu/7/../../../../lib -L/lib/x86_64-linux-gnu -L/lib/../lib -L/usr/lib/x86_64-linux-gnu -L/usr/lib/../lib -L/usr/lib/gcc/x86_64-linux-gnu/7/../../.. CMakeFiles/cmTC_193b6.dir/CMakeCXXCompilerABI.cpp.o -lstdc++ -lm -lgcc_s -lgcc -lc -lgcc_s -lgcc /usr/lib/gcc/x86_64-linux-gnu/7/crtendS.o /usr/lib/gcc/x86_64-linux-gnu/7/../../../x86_64-linux-gnu/crtn.o
COLLECT_GCC_OPTIONS='-v' '-rdynamic' '-o' 'cmTC_193b6' '-shared-libgcc' '-mtune=generic' '-march=x86-64'
make[1]: Leaving directory '/home/roryconlin/GoogleDrive/SCHOOL/Princeton/PPPL/eigen/build/CMakeFiles/CMakeTmp'


Parsed CXX implicit link information from above output:
  link line regex: [^( *|.*[/\])(ld|CMAKE_LINK_STARTFILE-NOTFOUND|([^/\]+-)?ld|collect2)[^/\]*( |$)]
  ignore line: [Change Dir: /home/roryconlin/GoogleDrive/SCHOOL/Princeton/PPPL/eigen/build/CMakeFiles/CMakeTmp]
  ignore line: []
  ignore line: [Run Build Command:"/usr/bin/make" "cmTC_193b6/fast"]
  ignore line: [/usr/bin/make -f CMakeFiles/cmTC_193b6.dir/build.make CMakeFiles/cmTC_193b6.dir/build]
  ignore line: [make[1]: Entering directory '/home/roryconlin/GoogleDrive/SCHOOL/Princeton/PPPL/eigen/build/CMakeFiles/CMakeTmp']
  ignore line: [Building CXX object CMakeFiles/cmTC_193b6.dir/CMakeCXXCompilerABI.cpp.o]
  ignore line: [/usr/bin/c++     -o CMakeFiles/cmTC_193b6.dir/CMakeCXXCompilerABI.cpp.o -c /usr/share/cmake-3.10/Modules/CMakeCXXCompilerABI.cpp]
  ignore line: [Linking CXX executable cmTC_193b6]
  ignore line: [/usr/bin/cmake -E cmake_link_script CMakeFiles/cmTC_193b6.dir/link.txt --verbose=1]
  ignore line: [/usr/bin/c++      -v -rdynamic CMakeFiles/cmTC_193b6.dir/CMakeCXXCompilerABI.cpp.o  -o cmTC_193b6 ]
  ignore line: [Using built-in specs.]
  ignore line: [COLLECT_GCC=/usr/bin/c++]
  ignore line: [COLLECT_LTO_WRAPPER=/usr/lib/gcc/x86_64-linux-gnu/7/lto-wrapper]
  ignore line: [OFFLOAD_TARGET_NAMES=nvptx-none]
  ignore line: [OFFLOAD_TARGET_DEFAULT=1]
  ignore line: [Target: x86_64-linux-gnu]
  ignore line: [Configured with: ../src/configure -v --with-pkgversion='Ubuntu 7.3.0-27ubuntu1~18.04' --with-bugurl=file:///usr/share/doc/gcc-7/README.Bugs --enable-languages=c,ada,c++,go,brig,d,fortran,objc,obj-c++ --prefix=/usr --with-gcc-major-version-only --program-suffix=-7 --program-prefix=x86_64-linux-gnu- --enable-shared --enable-linker-build-id --libexecdir=/usr/lib --without-included-gettext --enable-threads=posix --libdir=/usr/lib --enable-nls --with-sysroot=/ --enable-clocale=gnu --enable-libstdcxx-debug --enable-libstdcxx-time=yes --with-default-libstdcxx-abi=new --enable-gnu-unique-object --disable-vtable-verify --enable-libmpx --enable-plugin --enable-default-pie --with-system-zlib --with-target-system-zlib --enable-objc-gc=auto --enable-multiarch --disable-werror --with-arch-32=i686 --with-abi=m64 --with-multilib-list=m32,m64,mx32 --enable-multilib --with-tune=generic --enable-offload-targets=nvptx-none --without-cuda-driver --enable-checking=release --build=x86_64-linux-gnu --host=x86_64-linux-gnu --target=x86_64-linux-gnu]
  ignore line: [Thread model: posix]
  ignore line: [gcc version 7.3.0 (Ubuntu 7.3.0-27ubuntu1~18.04) ]
  ignore line: [COMPILER_PATH=/usr/lib/gcc/x86_64-linux-gnu/7/:/usr/lib/gcc/x86_64-linux-gnu/7/:/usr/lib/gcc/x86_64-linux-gnu/:/usr/lib/gcc/x86_64-linux-gnu/7/:/usr/lib/gcc/x86_64-linux-gnu/]
  ignore line: [LIBRARY_PATH=/usr/lib/gcc/x86_64-linux-gnu/7/:/usr/lib/gcc/x86_64-linux-gnu/7/../../../x86_64-linux-gnu/:/usr/lib/gcc/x86_64-linux-gnu/7/../../../../lib/:/lib/x86_64-linux-gnu/:/lib/../lib/:/usr/lib/x86_64-linux-gnu/:/usr/lib/../lib/:/usr/lib/gcc/x86_64-linux-gnu/7/../../../:/lib/:/usr/lib/]
  ignore line: [COLLECT_GCC_OPTIONS='-v' '-rdynamic' '-o' 'cmTC_193b6' '-shared-libgcc' '-mtune=generic' '-march=x86-64']
  link line: [ /usr/lib/gcc/x86_64-linux-gnu/7/collect2 -plugin /usr/lib/gcc/x86_64-linux-gnu/7/liblto_plugin.so -plugin-opt=/usr/lib/gcc/x86_64-linux-gnu/7/lto-wrapper -plugin-opt=-fresolution=/tmp/ccEppdOX.res -plugin-opt=-pass-through=-lgcc_s -plugin-opt=-pass-through=-lgcc -plugin-opt=-pass-through=-lc -plugin-opt=-pass-through=-lgcc_s -plugin-opt=-pass-through=-lgcc --sysroot=/ --build-id --eh-frame-hdr -m elf_x86_64 --hash-style=gnu --as-needed -export-dynamic -dynamic-linker /lib64/ld-linux-x86-64.so.2 -pie -z now -z relro -o cmTC_193b6 /usr/lib/gcc/x86_64-linux-gnu/7/../../../x86_64-linux-gnu/Scrt1.o /usr/lib/gcc/x86_64-linux-gnu/7/../../../x86_64-linux-gnu/crti.o /usr/lib/gcc/x86_64-linux-gnu/7/crtbeginS.o -L/usr/lib/gcc/x86_64-linux-gnu/7 -L/usr/lib/gcc/x86_64-linux-gnu/7/../../../x86_64-linux-gnu -L/usr/lib/gcc/x86_64-linux-gnu/7/../../../../lib -L/lib/x86_64-linux-gnu -L/lib/../lib -L/usr/lib/x86_64-linux-gnu -L/usr/lib/../lib -L/usr/lib/gcc/x86_64-linux-gnu/7/../../.. CMakeFiles/cmTC_193b6.dir/CMakeCXXCompilerABI.cpp.o -lstdc++ -lm -lgcc_s -lgcc -lc -lgcc_s -lgcc /usr/lib/gcc/x86_64-linux-gnu/7/crtendS.o /usr/lib/gcc/x86_64-linux-gnu/7/../../../x86_64-linux-gnu/crtn.o]
    arg [/usr/lib/gcc/x86_64-linux-gnu/7/collect2] ==> ignore
    arg [-plugin] ==> ignore
    arg [/usr/lib/gcc/x86_64-linux-gnu/7/liblto_plugin.so] ==> ignore
    arg [-plugin-opt=/usr/lib/gcc/x86_64-linux-gnu/7/lto-wrapper] ==> ignore
    arg [-plugin-opt=-fresolution=/tmp/ccEppdOX.res] ==> ignore
    arg [-plugin-opt=-pass-through=-lgcc_s] ==> ignore
    arg [-plugin-opt=-pass-through=-lgcc] ==> ignore
    arg [-plugin-opt=-pass-through=-lc] ==> ignore
    arg [-plugin-opt=-pass-through=-lgcc_s] ==> ignore
    arg [-plugin-opt=-pass-through=-lgcc] ==> ignore
    arg [--sysroot=/] ==> ignore
    arg [--build-id] ==> ignore
    arg [--eh-frame-hdr] ==> ignore
    arg [-m] ==> ignore
    arg [elf_x86_64] ==> ignore
    arg [--hash-style=gnu] ==> ignore
    arg [--as-needed] ==> ignore
    arg [-export-dynamic] ==> ignore
    arg [-dynamic-linker] ==> ignore
    arg [/lib64/ld-linux-x86-64.so.2] ==> ignore
    arg [-pie] ==> ignore
    arg [-znow] ==> ignore
    arg [-zrelro] ==> ignore
    arg [-o] ==> ignore
    arg [cmTC_193b6] ==> ignore
    arg [/usr/lib/gcc/x86_64-linux-gnu/7/../../../x86_64-linux-gnu/Scrt1.o] ==> ignore
    arg [/usr/lib/gcc/x86_64-linux-gnu/7/../../../x86_64-linux-gnu/crti.o] ==> ignore
    arg [/usr/lib/gcc/x86_64-linux-gnu/7/crtbeginS.o] ==> ignore
    arg [-L/usr/lib/gcc/x86_64-linux-gnu/7] ==> dir [/usr/lib/gcc/x86_64-linux-gnu/7]
    arg [-L/usr/lib/gcc/x86_64-linux-gnu/7/../../../x86_64-linux-gnu] ==> dir [/usr/lib/gcc/x86_64-linux-gnu/7/../../../x86_64-linux-gnu]
    arg [-L/usr/lib/gcc/x86_64-linux-gnu/7/../../../../lib] ==> dir [/usr/lib/gcc/x86_64-linux-gnu/7/../../../../lib]
    arg [-L/lib/x86_64-linux-gnu] ==> dir [/lib/x86_64-linux-gnu]
    arg [-L/lib/../lib] ==> dir [/lib/../lib]
    arg [-L/usr/lib/x86_64-linux-gnu] ==> dir [/usr/lib/x86_64-linux-gnu]
    arg [-L/usr/lib/../lib] ==> dir [/usr/lib/../lib]
    arg [-L/usr/lib/gcc/x86_64-linux-gnu/7/../../..] ==> dir [/usr/lib/gcc/x86_64-linux-gnu/7/../../..]
    arg [CMakeFiles/cmTC_193b6.dir/CMakeCXXCompilerABI.cpp.o] ==> ignore
    arg [-lstdc++] ==> lib [stdc++]
    arg [-lm] ==> lib [m]
    arg [-lgcc_s] ==> lib [gcc_s]
    arg [-lgcc] ==> lib [gcc]
    arg [-lc] ==> lib [c]
    arg [-lgcc_s] ==> lib [gcc_s]
    arg [-lgcc] ==> lib [gcc]
    arg [/usr/lib/gcc/x86_64-linux-gnu/7/crtendS.o] ==> ignore
    arg [/usr/lib/gcc/x86_64-linux-gnu/7/../../../x86_64-linux-gnu/crtn.o] ==> ignore
  collapse library dir [/usr/lib/gcc/x86_64-linux-gnu/7] ==> [/usr/lib/gcc/x86_64-linux-gnu/7]
  collapse library dir [/usr/lib/gcc/x86_64-linux-gnu/7/../../../x86_64-linux-gnu] ==> [/usr/lib/x86_64-linux-gnu]
  collapse library dir [/usr/lib/gcc/x86_64-linux-gnu/7/../../../../lib] ==> [/usr/lib]
  collapse library dir [/lib/x86_64-linux-gnu] ==> [/lib/x86_64-linux-gnu]
  collapse library dir [/lib/../lib] ==> [/lib]
  collapse library dir [/usr/lib/x86_64-linux-gnu] ==> [/usr/lib/x86_64-linux-gnu]
  collapse library dir [/usr/lib/../lib] ==> [/usr/lib]
  collapse library dir [/usr/lib/gcc/x86_64-linux-gnu/7/../../..] ==> [/usr/lib]
  implicit libs: [stdc++;m;gcc_s;gcc;c;gcc_s;gcc]
  implicit dirs: [/usr/lib/gcc/x86_64-linux-gnu/7;/usr/lib/x86_64-linux-gnu;/usr/lib;/lib/x86_64-linux-gnu;/lib]
  implicit fwks: []




Detecting CXX [-std=c++1z] compiler features compiled with the following output:
Change Dir: /home/roryconlin/GoogleDrive/SCHOOL/Princeton/PPPL/eigen/build/CMakeFiles/CMakeTmp

Run Build Command:"/usr/bin/make" "cmTC_d89b3/fast"
/usr/bin/make -f CMakeFiles/cmTC_d89b3.dir/build.make CMakeFiles/cmTC_d89b3.dir/build
make[1]: Entering directory '/home/roryconlin/GoogleDrive/SCHOOL/Princeton/PPPL/eigen/build/CMakeFiles/CMakeTmp'
Building CXX object CMakeFiles/cmTC_d89b3.dir/feature_tests.cxx.o
/usr/bin/c++    -std=c++1z -o CMakeFiles/cmTC_d89b3.dir/feature_tests.cxx.o -c /home/roryconlin/GoogleDrive/SCHOOL/Princeton/PPPL/eigen/build/CMakeFiles/feature_tests.cxx
Linking CXX executable cmTC_d89b3
/usr/bin/cmake -E cmake_link_script CMakeFiles/cmTC_d89b3.dir/link.txt --verbose=1
/usr/bin/c++       -rdynamic CMakeFiles/cmTC_d89b3.dir/feature_tests.cxx.o  -o cmTC_d89b3 
make[1]: Leaving directory '/home/roryconlin/GoogleDrive/SCHOOL/Princeton/PPPL/eigen/build/CMakeFiles/CMakeTmp'


    Feature record: CXX_FEATURE:1cxx_aggregate_default_initializers
    Feature record: CXX_FEATURE:1cxx_alias_templates
    Feature record: CXX_FEATURE:1cxx_alignas
    Feature record: CXX_FEATURE:1cxx_alignof
    Feature record: CXX_FEATURE:1cxx_attributes
    Feature record: CXX_FEATURE:1cxx_attribute_deprecated
    Feature record: CXX_FEATURE:1cxx_auto_type
    Feature record: CXX_FEATURE:1cxx_binary_literals
    Feature record: CXX_FEATURE:1cxx_constexpr
    Feature record: CXX_FEATURE:1cxx_contextual_conversions
    Feature record: CXX_FEATURE:1cxx_decltype
    Feature record: CXX_FEATURE:1cxx_decltype_auto
    Feature record: CXX_FEATURE:1cxx_decltype_incomplete_return_types
    Feature record: CXX_FEATURE:1cxx_default_function_template_args
    Feature record: CXX_FEATURE:1cxx_defaulted_functions
    Feature record: CXX_FEATURE:1cxx_defaulted_move_initializers
    Feature record: CXX_FEATURE:1cxx_delegating_constructors
    Feature record: CXX_FEATURE:1cxx_deleted_functions
    Feature record: CXX_FEATURE:1cxx_digit_separators
    Feature record: CXX_FEATURE:1cxx_enum_forward_declarations
    Feature record: CXX_FEATURE:1cxx_explicit_conversions
    Feature record: CXX_FEATURE:1cxx_extended_friend_declarations
    Feature record: CXX_FEATURE:1cxx_extern_templates
    Feature record: CXX_FEATURE:1cxx_final
    Feature record: CXX_FEATURE:1cxx_func_identifier
    Feature record: CXX_FEATURE:1cxx_generalized_initializers
    Feature record: CXX_FEATURE:1cxx_generic_lambdas
    Feature record: CXX_FEATURE:1cxx_inheriting_constructors
    Feature record: CXX_FEATURE:1cxx_inline_namespaces
    Feature record: CXX_FEATURE:1cxx_lambdas
    Feature record: CXX_FEATURE:1cxx_lambda_init_captures
    Feature record: CXX_FEATURE:1cxx_local_type_template_args
    Feature record: CXX_FEATURE:1cxx_long_long_type
    Feature record: CXX_FEATURE:1cxx_noexcept
    Feature record: CXX_FEATURE:1cxx_nonstatic_member_init
    Feature record: CXX_FEATURE:1cxx_nullptr
    Feature record: CXX_FEATURE:1cxx_override
    Feature record: CXX_FEATURE:1cxx_range_for
    Feature record: CXX_FEATURE:1cxx_raw_string_literals
    Feature record: CXX_FEATURE:1cxx_reference_qualified_functions
    Feature record: CXX_FEATURE:1cxx_relaxed_constexpr
    Feature record: CXX_FEATURE:1cxx_return_type_deduction
    Feature record: CXX_FEATURE:1cxx_right_angle_brackets
    Feature record: CXX_FEATURE:1cxx_rvalue_references
    Feature record: CXX_FEATURE:1cxx_sizeof_member
    Feature record: CXX_FEATURE:1cxx_static_assert
    Feature record: CXX_FEATURE:1cxx_strong_enums
    Feature record: CXX_FEATURE:1cxx_template_template_parameters
    Feature record: CXX_FEATURE:1cxx_thread_local
    Feature record: CXX_FEATURE:1cxx_trailing_return_types
    Feature record: CXX_FEATURE:1cxx_unicode_literals
    Feature record: CXX_FEATURE:1cxx_uniform_initialization
    Feature record: CXX_FEATURE:1cxx_unrestricted_unions
    Feature record: CXX_FEATURE:1cxx_user_literals
    Feature record: CXX_FEATURE:1cxx_variable_templates
    Feature record: CXX_FEATURE:1cxx_variadic_macros
    Feature record: CXX_FEATURE:1cxx_variadic_templates


Detecting CXX [-std=c++14] compiler features compiled with the following output:
Change Dir: /home/roryconlin/GoogleDrive/SCHOOL/Princeton/PPPL/eigen/build/CMakeFiles/CMakeTmp

Run Build Command:"/usr/bin/make" "cmTC_28b23/fast"
/usr/bin/make -f CMakeFiles/cmTC_28b23.dir/build.make CMakeFiles/cmTC_28b23.dir/build
make[1]: Entering directory '/home/roryconlin/GoogleDrive/SCHOOL/Princeton/PPPL/eigen/build/CMakeFiles/CMakeTmp'
Building CXX object CMakeFiles/cmTC_28b23.dir/feature_tests.cxx.o
/usr/bin/c++    -std=c++14 -o CMakeFiles/cmTC_28b23.dir/feature_tests.cxx.o -c /home/roryconlin/GoogleDrive/SCHOOL/Princeton/PPPL/eigen/build/CMakeFiles/feature_tests.cxx
Linking CXX executable cmTC_28b23
/usr/bin/cmake -E cmake_link_script CMakeFiles/cmTC_28b23.dir/link.txt --verbose=1
/usr/bin/c++       -rdynamic CMakeFiles/cmTC_28b23.dir/feature_tests.cxx.o  -o cmTC_28b23 
make[1]: Leaving directory '/home/roryconlin/GoogleDrive/SCHOOL/Princeton/PPPL/eigen/build/CMakeFiles/CMakeTmp'


    Feature record: CXX_FEATURE:1cxx_aggregate_default_initializers
    Feature record: CXX_FEATURE:1cxx_alias_templates
    Feature record: CXX_FEATURE:1cxx_alignas
    Feature record: CXX_FEATURE:1cxx_alignof
    Feature record: CXX_FEATURE:1cxx_attributes
    Feature record: CXX_FEATURE:1cxx_attribute_deprecated
    Feature record: CXX_FEATURE:1cxx_auto_type
    Feature record: CXX_FEATURE:1cxx_binary_literals
    Feature record: CXX_FEATURE:1cxx_constexpr
    Feature record: CXX_FEATURE:1cxx_contextual_conversions
    Feature record: CXX_FEATURE:1cxx_decltype
    Feature record: CXX_FEATURE:1cxx_decltype_auto
    Feature record: CXX_FEATURE:1cxx_decltype_incomplete_return_types
    Feature record: CXX_FEATURE:1cxx_default_function_template_args
    Feature record: CXX_FEATURE:1cxx_defaulted_functions
    Feature record: CXX_FEATURE:1cxx_defaulted_move_initializers
    Feature record: CXX_FEATURE:1cxx_delegating_constructors
    Feature record: CXX_FEATURE:1cxx_deleted_functions
    Feature record: CXX_FEATURE:1cxx_digit_separators
    Feature record: CXX_FEATURE:1cxx_enum_forward_declarations
    Feature record: CXX_FEATURE:1cxx_explicit_conversions
    Feature record: CXX_FEATURE:1cxx_extended_friend_declarations
    Feature record: CXX_FEATURE:1cxx_extern_templates
    Feature record: CXX_FEATURE:1cxx_final
    Feature record: CXX_FEATURE:1cxx_func_identifier
    Feature record: CXX_FEATURE:1cxx_generalized_initializers
    Feature record: CXX_FEATURE:1cxx_generic_lambdas
    Feature record: CXX_FEATURE:1cxx_inheriting_constructors
    Feature record: CXX_FEATURE:1cxx_inline_namespaces
    Feature record: CXX_FEATURE:1cxx_lambdas
    Feature record: CXX_FEATURE:1cxx_lambda_init_captures
    Feature record: CXX_FEATURE:1cxx_local_type_template_args
    Feature record: CXX_FEATURE:1cxx_long_long_type
    Feature record: CXX_FEATURE:1cxx_noexcept
    Feature record: CXX_FEATURE:1cxx_nonstatic_member_init
    Feature record: CXX_FEATURE:1cxx_nullptr
    Feature record: CXX_FEATURE:1cxx_override
    Feature record: CXX_FEATURE:1cxx_range_for
    Feature record: CXX_FEATURE:1cxx_raw_string_literals
    Feature record: CXX_FEATURE:1cxx_reference_qualified_functions
    Feature record: CXX_FEATURE:1cxx_relaxed_constexpr
    Feature record: CXX_FEATURE:1cxx_return_type_deduction
    Feature record: CXX_FEATURE:1cxx_right_angle_brackets
    Feature record: CXX_FEATURE:1cxx_rvalue_references
    Feature record: CXX_FEATURE:1cxx_sizeof_member
    Feature record: CXX_FEATURE:1cxx_static_assert
    Feature record: CXX_FEATURE:1cxx_strong_enums
    Feature record: CXX_FEATURE:1cxx_template_template_parameters
    Feature record: CXX_FEATURE:1cxx_thread_local
    Feature record: CXX_FEATURE:1cxx_trailing_return_types
    Feature record: CXX_FEATURE:1cxx_unicode_literals
    Feature record: CXX_FEATURE:1cxx_uniform_initialization
    Feature record: CXX_FEATURE:1cxx_unrestricted_unions
    Feature record: CXX_FEATURE:1cxx_user_literals
    Feature record: CXX_FEATURE:1cxx_variable_templates
    Feature record: CXX_FEATURE:1cxx_variadic_macros
    Feature record: CXX_FEATURE:1cxx_variadic_templates


Detecting CXX [-std=c++11] compiler features compiled with the following output:
Change Dir: /home/roryconlin/GoogleDrive/SCHOOL/Princeton/PPPL/eigen/build/CMakeFiles/CMakeTmp

Run Build Command:"/usr/bin/make" "cmTC_f344b/fast"
/usr/bin/make -f CMakeFiles/cmTC_f344b.dir/build.make CMakeFiles/cmTC_f344b.dir/build
make[1]: Entering directory '/home/roryconlin/GoogleDrive/SCHOOL/Princeton/PPPL/eigen/build/CMakeFiles/CMakeTmp'
Building CXX object CMakeFiles/cmTC_f344b.dir/feature_tests.cxx.o
/usr/bin/c++    -std=c++11 -o CMakeFiles/cmTC_f344b.dir/feature_tests.cxx.o -c /home/roryconlin/GoogleDrive/SCHOOL/Princeton/PPPL/eigen/build/CMakeFiles/feature_tests.cxx
Linking CXX executable cmTC_f344b
/usr/bin/cmake -E cmake_link_script CMakeFiles/cmTC_f344b.dir/link.txt --verbose=1
/usr/bin/c++       -rdynamic CMakeFiles/cmTC_f344b.dir/feature_tests.cxx.o  -o cmTC_f344b 
make[1]: Leaving directory '/home/roryconlin/GoogleDrive/SCHOOL/Princeton/PPPL/eigen/build/CMakeFiles/CMakeTmp'


    Feature record: CXX_FEATURE:0cxx_aggregate_default_initializers
    Feature record: CXX_FEATURE:1cxx_alias_templates
    Feature record: CXX_FEATURE:1cxx_alignas
    Feature record: CXX_FEATURE:1cxx_alignof
    Feature record: CXX_FEATURE:1cxx_attributes
    Feature record: CXX_FEATURE:0cxx_attribute_deprecated
    Feature record: CXX_FEATURE:1cxx_auto_type
    Feature record: CXX_FEATURE:0cxx_binary_literals
    Feature record: CXX_FEATURE:1cxx_constexpr
    Feature record: CXX_FEATURE:0cxx_contextual_conversions
    Feature record: CXX_FEATURE:1cxx_decltype
    Feature record: CXX_FEATURE:0cxx_decltype_auto
    Feature record: CXX_FEATURE:1cxx_decltype_incomplete_return_types
    Feature record: CXX_FEATURE:1cxx_default_function_template_args
    Feature record: CXX_FEATURE:1cxx_defaulted_functions
    Feature record: CXX_FEATURE:1cxx_defaulted_move_initializers
    Feature record: CXX_FEATURE:1cxx_delegating_constructors
    Feature record: CXX_FEATURE:1cxx_deleted_functions
    Feature record: CXX_FEATURE:0cxx_digit_separators
    Feature record: CXX_FEATURE:1cxx_enum_forward_declarations
    Feature record: CXX_FEATURE:1cxx_explicit_conversions
    Feature record: CXX_FEATURE:1cxx_extended_friend_declarations
    Feature record: CXX_FEATURE:1cxx_extern_templates
    Feature record: CXX_FEATURE:1cxx_final
    Feature record: CXX_FEATURE:1cxx_func_identifier
    Feature record: CXX_FEATURE:1cxx_generalized_initializers
    Feature record: CXX_FEATURE:0cxx_generic_lambdas
    Feature record: CXX_FEATURE:1cxx_inheriting_constructors
    Feature record: CXX_FEATURE:1cxx_inline_namespaces
    Feature record: CXX_FEATURE:1cxx_lambdas
    Feature record: CXX_FEATURE:0cxx_lambda_init_captures
    Feature record: CXX_FEATURE:1cxx_local_type_template_args
    Feature record: CXX_FEATURE:1cxx_long_long_type
    Feature record: CXX_FEATURE:1cxx_noexcept
    Feature record: CXX_FEATURE:1cxx_nonstatic_member_init
    Feature record: CXX_FEATURE:1cxx_nullptr
    Feature record: CXX_FEATURE:1cxx_override
    Feature record: CXX_FEATURE:1cxx_range_for
    Feature record: CXX_FEATURE:1cxx_raw_string_literals
    Feature record: CXX_FEATURE:1cxx_reference_qualified_functions
    Feature record: CXX_FEATURE:0cxx_relaxed_constexpr
    Feature record: CXX_FEATURE:0cxx_return_type_deduction
    Feature record: CXX_FEATURE:1cxx_right_angle_brackets
    Feature record: CXX_FEATURE:1cxx_rvalue_references
    Feature record: CXX_FEATURE:1cxx_sizeof_member
    Feature record: CXX_FEATURE:1cxx_static_assert
    Feature record: CXX_FEATURE:1cxx_strong_enums
    Feature record: CXX_FEATURE:1cxx_template_template_parameters
    Feature record: CXX_FEATURE:1cxx_thread_local
    Feature record: CXX_FEATURE:1cxx_trailing_return_types
    Feature record: CXX_FEATURE:1cxx_unicode_literals
    Feature record: CXX_FEATURE:1cxx_uniform_initialization
    Feature record: CXX_FEATURE:1cxx_unrestricted_unions
    Feature record: CXX_FEATURE:1cxx_user_literals
    Feature record: CXX_FEATURE:0cxx_variable_templates
    Feature record: CXX_FEATURE:1cxx_variadic_macros
    Feature record: CXX_FEATURE:1cxx_variadic_templates


Detecting CXX [-std=c++98] compiler features compiled with the following output:
Change Dir: /home/roryconlin/GoogleDrive/SCHOOL/Princeton/PPPL/eigen/build/CMakeFiles/CMakeTmp

Run Build Command:"/usr/bin/make" "cmTC_02564/fast"
/usr/bin/make -f CMakeFiles/cmTC_02564.dir/build.make CMakeFiles/cmTC_02564.dir/build
make[1]: Entering directory '/home/roryconlin/GoogleDrive/SCHOOL/Princeton/PPPL/eigen/build/CMakeFiles/CMakeTmp'
Building CXX object CMakeFiles/cmTC_02564.dir/feature_tests.cxx.o
/usr/bin/c++    -std=c++98 -o CMakeFiles/cmTC_02564.dir/feature_tests.cxx.o -c /home/roryconlin/GoogleDrive/SCHOOL/Princeton/PPPL/eigen/build/CMakeFiles/feature_tests.cxx
Linking CXX executable cmTC_02564
/usr/bin/cmake -E cmake_link_script CMakeFiles/cmTC_02564.dir/link.txt --verbose=1
/usr/bin/c++       -rdynamic CMakeFiles/cmTC_02564.dir/feature_tests.cxx.o  -o cmTC_02564 
make[1]: Leaving directory '/home/roryconlin/GoogleDrive/SCHOOL/Princeton/PPPL/eigen/build/CMakeFiles/CMakeTmp'


    Feature record: CXX_FEATURE:0cxx_aggregate_default_initializers
    Feature record: CXX_FEATURE:0cxx_alias_templates
    Feature record: CXX_FEATURE:0cxx_alignas
    Feature record: CXX_FEATURE:0cxx_alignof
    Feature record: CXX_FEATURE:0cxx_attributes
    Feature record: CXX_FEATURE:0cxx_attribute_deprecated
    Feature record: CXX_FEATURE:0cxx_auto_type
    Feature record: CXX_FEATURE:0cxx_binary_literals
    Feature record: CXX_FEATURE:0cxx_constexpr
    Feature record: CXX_FEATURE:0cxx_contextual_conversions
    Feature record: CXX_FEATURE:0cxx_decltype
    Feature record: CXX_FEATURE:0cxx_decltype_auto
    Feature record: CXX_FEATURE:0cxx_decltype_incomplete_return_types
    Feature record: CXX_FEATURE:0cxx_default_function_template_args
    Feature record: CXX_FEATURE:0cxx_defaulted_functions
    Feature record: CXX_FEATURE:0cxx_defaulted_move_initializers
    Feature record: CXX_FEATURE:0cxx_delegating_constructors
    Feature record: CXX_FEATURE:0cxx_deleted_functions
    Feature record: CXX_FEATURE:0cxx_digit_separators
    Feature record: CXX_FEATURE:0cxx_enum_forward_declarations
    Feature record: CXX_FEATURE:0cxx_explicit_conversions
    Feature record: CXX_FEATURE:0cxx_extended_friend_declarations
    Feature record: CXX_FEATURE:0cxx_extern_templates
    Feature record: CXX_FEATURE:0cxx_final
    Feature record: CXX_FEATURE:0cxx_func_identifier
    Feature record: CXX_FEATURE:0cxx_generalized_initializers
    Feature record: CXX_FEATURE:0cxx_generic_lambdas
    Feature record: CXX_FEATURE:0cxx_inheriting_constructors
    Feature record: CXX_FEATURE:0cxx_inline_namespaces
    Feature record: CXX_FEATURE:0cxx_lambdas
    Feature record: CXX_FEATURE:0cxx_lambda_init_captures
    Feature record: CXX_FEATURE:0cxx_local_type_template_args
    Feature record: CXX_FEATURE:0cxx_long_long_type
    Feature record: CXX_FEATURE:0cxx_noexcept
    Feature record: CXX_FEATURE:0cxx_nonstatic_member_init
    Feature record: CXX_FEATURE:0cxx_nullptr
    Feature record: CXX_FEATURE:0cxx_override
    Feature record: CXX_FEATURE:0cxx_range_for
    Feature record: CXX_FEATURE:0cxx_raw_string_literals
    Feature record: CXX_FEATURE:0cxx_reference_qualified_functions
    Feature record: CXX_FEATURE:0cxx_relaxed_constexpr
    Feature record: CXX_FEATURE:0cxx_return_type_deduction
    Feature record: CXX_FEATURE:0cxx_right_angle_brackets
    Feature record: CXX_FEATURE:0cxx_rvalue_references
    Feature record: CXX_FEATURE:0cxx_sizeof_member
    Feature record: CXX_FEATURE:0cxx_static_assert
    Feature record: CXX_FEATURE:0cxx_strong_enums
    Feature record: CXX_FEATURE:1cxx_template_template_parameters
    Feature record: CXX_FEATURE:0cxx_thread_local
    Feature record: CXX_FEATURE:0cxx_trailing_return_types
    Feature record: CXX_FEATURE:0cxx_unicode_literals
    Feature record: CXX_FEATURE:0cxx_uniform_initialization
    Feature record: CXX_FEATURE:0cxx_unrestricted_unions
    Feature record: CXX_FEATURE:0cxx_user_literals
    Feature record: CXX_FEATURE:0cxx_variable_templates
    Feature record: CXX_FEATURE:0cxx_variadic_macros
    Feature record: CXX_FEATURE:0cxx_variadic_templates
Performing C++ SOURCE FILE Test EIGEN_COMPILER_SUPPORT_CPP11 succeeded with the following output:
Change Dir: /home/roryconlin/GoogleDrive/SCHOOL/Princeton/PPPL/eigen/build/CMakeFiles/CMakeTmp

Run Build Command:"/usr/bin/make" "cmTC_36882/fast"
/usr/bin/make -f CMakeFiles/cmTC_36882.dir/build.make CMakeFiles/cmTC_36882.dir/build
make[1]: Entering directory '/home/roryconlin/GoogleDrive/SCHOOL/Princeton/PPPL/eigen/build/CMakeFiles/CMakeTmp'
Building CXX object CMakeFiles/cmTC_36882.dir/src.cxx.o
/usr/bin/c++    -DEIGEN_COMPILER_SUPPORT_CPP11   -std=c++11 -o CMakeFiles/cmTC_36882.dir/src.cxx.o -c /home/roryconlin/GoogleDrive/SCHOOL/Princeton/PPPL/eigen/build/CMakeFiles/CMakeTmp/src.cxx
Linking CXX executable cmTC_36882
/usr/bin/cmake -E cmake_link_script CMakeFiles/cmTC_36882.dir/link.txt --verbose=1
/usr/bin/c++   -DEIGEN_COMPILER_SUPPORT_CPP11    -rdynamic CMakeFiles/cmTC_36882.dir/src.cxx.o  -o cmTC_36882 
make[1]: Leaving directory '/home/roryconlin/GoogleDrive/SCHOOL/Princeton/PPPL/eigen/build/CMakeFiles/CMakeTmp'

Source file was:
int main() { return 0; }
Performing C++ SOURCE FILE Test COMPILER_SUPPORT_std=cpp03 succeeded with the following output:
Change Dir: /home/roryconlin/GoogleDrive/SCHOOL/Princeton/PPPL/eigen/build/CMakeFiles/CMakeTmp

Run Build Command:"/usr/bin/make" "cmTC_1ea1a/fast"
/usr/bin/make -f CMakeFiles/cmTC_1ea1a.dir/build.make CMakeFiles/cmTC_1ea1a.dir/build
make[1]: Entering directory '/home/roryconlin/GoogleDrive/SCHOOL/Princeton/PPPL/eigen/build/CMakeFiles/CMakeTmp'
Building CXX object CMakeFiles/cmTC_1ea1a.dir/src.cxx.o
/usr/bin/c++    -DCOMPILER_SUPPORT_std=cpp03   -std=c++03 -o CMakeFiles/cmTC_1ea1a.dir/src.cxx.o -c /home/roryconlin/GoogleDrive/SCHOOL/Princeton/PPPL/eigen/build/CMakeFiles/CMakeTmp/src.cxx
Linking CXX executable cmTC_1ea1a
/usr/bin/cmake -E cmake_link_script CMakeFiles/cmTC_1ea1a.dir/link.txt --verbose=1
/usr/bin/c++   -DCOMPILER_SUPPORT_std=cpp03    -rdynamic CMakeFiles/cmTC_1ea1a.dir/src.cxx.o  -o cmTC_1ea1a 
make[1]: Leaving directory '/home/roryconlin/GoogleDrive/SCHOOL/Princeton/PPPL/eigen/build/CMakeFiles/CMakeTmp'

Source file was:
int main() { return 0; }
Performing C++ SOURCE FILE Test standard_math_library_linked_to_automatically succeeded with the following output:
Change Dir: /home/roryconlin/GoogleDrive/SCHOOL/Princeton/PPPL/eigen/build/CMakeFiles/CMakeTmp

Run Build Command:"/usr/bin/make" "cmTC_2335b/fast"
/usr/bin/make -f CMakeFiles/cmTC_2335b.dir/build.make CMakeFiles/cmTC_2335b.dir/build
make[1]: Entering directory '/home/roryconlin/GoogleDrive/SCHOOL/Princeton/PPPL/eigen/build/CMakeFiles/CMakeTmp'
Building CXX object CMakeFiles/cmTC_2335b.dir/src.cxx.o
/usr/bin/c++    -std=c++03 -Dstandard_math_library_linked_to_automatically   -o CMakeFiles/cmTC_2335b.dir/src.cxx.o -c /home/roryconlin/GoogleDrive/SCHOOL/Princeton/PPPL/eigen/build/CMakeFiles/CMakeTmp/src.cxx
Linking CXX executable cmTC_2335b
/usr/bin/cmake -E cmake_link_script CMakeFiles/cmTC_2335b.dir/link.txt --verbose=1
/usr/bin/c++   -std=c++03 -Dstandard_math_library_linked_to_automatically    -rdynamic CMakeFiles/cmTC_2335b.dir/src.cxx.o  -o cmTC_2335b 
make[1]: Leaving directory '/home/roryconlin/GoogleDrive/SCHOOL/Princeton/PPPL/eigen/build/CMakeFiles/CMakeTmp'

Source file was:
#include<cmath>
int main() { std::sin(0.0); std::log(0.0f); }
Performing C++ SOURCE FILE Test COMPILER_SUPPORT_WERROR succeeded with the following output:
Change Dir: /home/roryconlin/GoogleDrive/SCHOOL/Princeton/PPPL/eigen/build/CMakeFiles/CMakeTmp

Run Build Command:"/usr/bin/make" "cmTC_937dc/fast"
/usr/bin/make -f CMakeFiles/cmTC_937dc.dir/build.make CMakeFiles/cmTC_937dc.dir/build
make[1]: Entering directory '/home/roryconlin/GoogleDrive/SCHOOL/Princeton/PPPL/eigen/build/CMakeFiles/CMakeTmp'
Building CXX object CMakeFiles/cmTC_937dc.dir/src.cxx.o
/usr/bin/c++    -std=c++03 -DCOMPILER_SUPPORT_WERROR   -Werror -o CMakeFiles/cmTC_937dc.dir/src.cxx.o -c /home/roryconlin/GoogleDrive/SCHOOL/Princeton/PPPL/eigen/build/CMakeFiles/CMakeTmp/src.cxx
Linking CXX executable cmTC_937dc
/usr/bin/cmake -E cmake_link_script CMakeFiles/cmTC_937dc.dir/link.txt --verbose=1
/usr/bin/c++   -std=c++03 -DCOMPILER_SUPPORT_WERROR    -rdynamic CMakeFiles/cmTC_937dc.dir/src.cxx.o  -o cmTC_937dc 
make[1]: Leaving directory '/home/roryconlin/GoogleDrive/SCHOOL/Princeton/PPPL/eigen/build/CMakeFiles/CMakeTmp'

Source file was:
int main() { return 0; }
Performing C++ SOURCE FILE Test COMPILER_SUPPORT_pedantic succeeded with the following output:
Change Dir: /home/roryconlin/GoogleDrive/SCHOOL/Princeton/PPPL/eigen/build/CMakeFiles/CMakeTmp

Run Build Command:"/usr/bin/make" "cmTC_7aa7a/fast"
/usr/bin/make -f CMakeFiles/cmTC_7aa7a.dir/build.make CMakeFiles/cmTC_7aa7a.dir/build
make[1]: Entering directory '/home/roryconlin/GoogleDrive/SCHOOL/Princeton/PPPL/eigen/build/CMakeFiles/CMakeTmp'
Building CXX object CMakeFiles/cmTC_7aa7a.dir/src.cxx.o
/usr/bin/c++    -std=c++03 -DCOMPILER_SUPPORT_pedantic -Werror   -pedantic -o CMakeFiles/cmTC_7aa7a.dir/src.cxx.o -c /home/roryconlin/GoogleDrive/SCHOOL/Princeton/PPPL/eigen/build/CMakeFiles/CMakeTmp/src.cxx
Linking CXX executable cmTC_7aa7a
/usr/bin/cmake -E cmake_link_script CMakeFiles/cmTC_7aa7a.dir/link.txt --verbose=1
/usr/bin/c++   -std=c++03 -DCOMPILER_SUPPORT_pedantic -Werror    -rdynamic CMakeFiles/cmTC_7aa7a.dir/src.cxx.o  -o cmTC_7aa7a 
make[1]: Leaving directory '/home/roryconlin/GoogleDrive/SCHOOL/Princeton/PPPL/eigen/build/CMakeFiles/CMakeTmp'

Source file was:
int main() { return 0; }
Performing C++ SOURCE FILE Test COMPILER_SUPPORT_Wall succeeded with the following output:
Change Dir: /home/roryconlin/GoogleDrive/SCHOOL/Princeton/PPPL/eigen/build/CMakeFiles/CMakeTmp

Run Build Command:"/usr/bin/make" "cmTC_fa093/fast"
/usr/bin/make -f CMakeFiles/cmTC_fa093.dir/build.make CMakeFiles/cmTC_fa093.dir/build
make[1]: Entering directory '/home/roryconlin/GoogleDrive/SCHOOL/Princeton/PPPL/eigen/build/CMakeFiles/CMakeTmp'
Building CXX object CMakeFiles/cmTC_fa093.dir/src.cxx.o
/usr/bin/c++    -std=c++03 -pedantic -DCOMPILER_SUPPORT_Wall -Werror   -Wall -o CMakeFiles/cmTC_fa093.dir/src.cxx.o -c /home/roryconlin/GoogleDrive/SCHOOL/Princeton/PPPL/eigen/build/CMakeFiles/CMakeTmp/src.cxx
Linking CXX executable cmTC_fa093
/usr/bin/cmake -E cmake_link_script CMakeFiles/cmTC_fa093.dir/link.txt --verbose=1
/usr/bin/c++   -std=c++03 -pedantic -DCOMPILER_SUPPORT_Wall -Werror    -rdynamic CMakeFiles/cmTC_fa093.dir/src.cxx.o  -o cmTC_fa093 
make[1]: Leaving directory '/home/roryconlin/GoogleDrive/SCHOOL/Princeton/PPPL/eigen/build/CMakeFiles/CMakeTmp'

Source file was:
int main() { return 0; }
Performing C++ SOURCE FILE Test COMPILER_SUPPORT_Wextra succeeded with the following output:
Change Dir: /home/roryconlin/GoogleDrive/SCHOOL/Princeton/PPPL/eigen/build/CMakeFiles/CMakeTmp

Run Build Command:"/usr/bin/make" "cmTC_2d96b/fast"
/usr/bin/make -f CMakeFiles/cmTC_2d96b.dir/build.make CMakeFiles/cmTC_2d96b.dir/build
make[1]: Entering directory '/home/roryconlin/GoogleDrive/SCHOOL/Princeton/PPPL/eigen/build/CMakeFiles/CMakeTmp'
Building CXX object CMakeFiles/cmTC_2d96b.dir/src.cxx.o
/usr/bin/c++    -std=c++03 -pedantic -Wall -DCOMPILER_SUPPORT_Wextra -Werror   -Wextra -o CMakeFiles/cmTC_2d96b.dir/src.cxx.o -c /home/roryconlin/GoogleDrive/SCHOOL/Princeton/PPPL/eigen/build/CMakeFiles/CMakeTmp/src.cxx
Linking CXX executable cmTC_2d96b
/usr/bin/cmake -E cmake_link_script CMakeFiles/cmTC_2d96b.dir/link.txt --verbose=1
/usr/bin/c++   -std=c++03 -pedantic -Wall -DCOMPILER_SUPPORT_Wextra -Werror    -rdynamic CMakeFiles/cmTC_2d96b.dir/src.cxx.o  -o cmTC_2d96b 
make[1]: Leaving directory '/home/roryconlin/GoogleDrive/SCHOOL/Princeton/PPPL/eigen/build/CMakeFiles/CMakeTmp'

Source file was:
int main() { return 0; }
Performing C++ SOURCE FILE Test COMPILER_SUPPORT_Wundef succeeded with the following output:
Change Dir: /home/roryconlin/GoogleDrive/SCHOOL/Princeton/PPPL/eigen/build/CMakeFiles/CMakeTmp

Run Build Command:"/usr/bin/make" "cmTC_a48aa/fast"
/usr/bin/make -f CMakeFiles/cmTC_a48aa.dir/build.make CMakeFiles/cmTC_a48aa.dir/build
make[1]: Entering directory '/home/roryconlin/GoogleDrive/SCHOOL/Princeton/PPPL/eigen/build/CMakeFiles/CMakeTmp'
Building CXX object CMakeFiles/cmTC_a48aa.dir/src.cxx.o
/usr/bin/c++    -std=c++03 -pedantic -Wall -Wextra -DCOMPILER_SUPPORT_Wundef -Werror   -Wundef -o CMakeFiles/cmTC_a48aa.dir/src.cxx.o -c /home/roryconlin/GoogleDrive/SCHOOL/Princeton/PPPL/eigen/build/CMakeFiles/CMakeTmp/src.cxx
Linking CXX executable cmTC_a48aa
/usr/bin/cmake -E cmake_link_script CMakeFiles/cmTC_a48aa.dir/link.txt --verbose=1
/usr/bin/c++   -std=c++03 -pedantic -Wall -Wextra -DCOMPILER_SUPPORT_Wundef -Werror    -rdynamic CMakeFiles/cmTC_a48aa.dir/src.cxx.o  -o cmTC_a48aa 
make[1]: Leaving directory '/home/roryconlin/GoogleDrive/SCHOOL/Princeton/PPPL/eigen/build/CMakeFiles/CMakeTmp'

Source file was:
int main() { return 0; }
Performing C++ SOURCE FILE Test COMPILER_SUPPORT_Wcastalign succeeded with the following output:
Change Dir: /home/roryconlin/GoogleDrive/SCHOOL/Princeton/PPPL/eigen/build/CMakeFiles/CMakeTmp

Run Build Command:"/usr/bin/make" "cmTC_64ac0/fast"
/usr/bin/make -f CMakeFiles/cmTC_64ac0.dir/build.make CMakeFiles/cmTC_64ac0.dir/build
make[1]: Entering directory '/home/roryconlin/GoogleDrive/SCHOOL/Princeton/PPPL/eigen/build/CMakeFiles/CMakeTmp'
Building CXX object CMakeFiles/cmTC_64ac0.dir/src.cxx.o
/usr/bin/c++    -std=c++03 -pedantic -Wall -Wextra -Wundef -DCOMPILER_SUPPORT_Wcastalign -Werror   -Wcast-align -o CMakeFiles/cmTC_64ac0.dir/src.cxx.o -c /home/roryconlin/GoogleDrive/SCHOOL/Princeton/PPPL/eigen/build/CMakeFiles/CMakeTmp/src.cxx
Linking CXX executable cmTC_64ac0
/usr/bin/cmake -E cmake_link_script CMakeFiles/cmTC_64ac0.dir/link.txt --verbose=1
/usr/bin/c++   -std=c++03 -pedantic -Wall -Wextra -Wundef -DCOMPILER_SUPPORT_Wcastalign -Werror    -rdynamic CMakeFiles/cmTC_64ac0.dir/src.cxx.o  -o cmTC_64ac0 
make[1]: Leaving directory '/home/roryconlin/GoogleDrive/SCHOOL/Princeton/PPPL/eigen/build/CMakeFiles/CMakeTmp'

Source file was:
int main() { return 0; }
Performing C++ SOURCE FILE Test COMPILER_SUPPORT_Wcharsubscripts succeeded with the following output:
Change Dir: /home/roryconlin/GoogleDrive/SCHOOL/Princeton/PPPL/eigen/build/CMakeFiles/CMakeTmp

Run Build Command:"/usr/bin/make" "cmTC_46af5/fast"
/usr/bin/make -f CMakeFiles/cmTC_46af5.dir/build.make CMakeFiles/cmTC_46af5.dir/build
make[1]: Entering directory '/home/roryconlin/GoogleDrive/SCHOOL/Princeton/PPPL/eigen/build/CMakeFiles/CMakeTmp'
Building CXX object CMakeFiles/cmTC_46af5.dir/src.cxx.o
/usr/bin/c++    -std=c++03 -pedantic -Wall -Wextra -Wundef -Wcast-align -DCOMPILER_SUPPORT_Wcharsubscripts -Werror   -Wchar-subscripts -o CMakeFiles/cmTC_46af5.dir/src.cxx.o -c /home/roryconlin/GoogleDrive/SCHOOL/Princeton/PPPL/eigen/build/CMakeFiles/CMakeTmp/src.cxx
Linking CXX executable cmTC_46af5
/usr/bin/cmake -E cmake_link_script CMakeFiles/cmTC_46af5.dir/link.txt --verbose=1
/usr/bin/c++   -std=c++03 -pedantic -Wall -Wextra -Wundef -Wcast-align -DCOMPILER_SUPPORT_Wcharsubscripts -Werror    -rdynamic CMakeFiles/cmTC_46af5.dir/src.cxx.o  -o cmTC_46af5 
make[1]: Leaving directory '/home/roryconlin/GoogleDrive/SCHOOL/Princeton/PPPL/eigen/build/CMakeFiles/CMakeTmp'

Source file was:
int main() { return 0; }
Performing C++ SOURCE FILE Test COMPILER_SUPPORT_Wnonvirtualdtor succeeded with the following output:
Change Dir: /home/roryconlin/GoogleDrive/SCHOOL/Princeton/PPPL/eigen/build/CMakeFiles/CMakeTmp

Run Build Command:"/usr/bin/make" "cmTC_5c6b6/fast"
/usr/bin/make -f CMakeFiles/cmTC_5c6b6.dir/build.make CMakeFiles/cmTC_5c6b6.dir/build
make[1]: Entering directory '/home/roryconlin/GoogleDrive/SCHOOL/Princeton/PPPL/eigen/build/CMakeFiles/CMakeTmp'
Building CXX object CMakeFiles/cmTC_5c6b6.dir/src.cxx.o
/usr/bin/c++    -std=c++03 -pedantic -Wall -Wextra -Wundef -Wcast-align -Wchar-subscripts -DCOMPILER_SUPPORT_Wnonvirtualdtor -Werror   -Wnon-virtual-dtor -o CMakeFiles/cmTC_5c6b6.dir/src.cxx.o -c /home/roryconlin/GoogleDrive/SCHOOL/Princeton/PPPL/eigen/build/CMakeFiles/CMakeTmp/src.cxx
Linking CXX executable cmTC_5c6b6
/usr/bin/cmake -E cmake_link_script CMakeFiles/cmTC_5c6b6.dir/link.txt --verbose=1
/usr/bin/c++   -std=c++03 -pedantic -Wall -Wextra -Wundef -Wcast-align -Wchar-subscripts -DCOMPILER_SUPPORT_Wnonvirtualdtor -Werror    -rdynamic CMakeFiles/cmTC_5c6b6.dir/src.cxx.o  -o cmTC_5c6b6 
make[1]: Leaving directory '/home/roryconlin/GoogleDrive/SCHOOL/Princeton/PPPL/eigen/build/CMakeFiles/CMakeTmp'

Source file was:
int main() { return 0; }
Performing C++ SOURCE FILE Test COMPILER_SUPPORT_Wunusedlocaltypedefs succeeded with the following output:
Change Dir: /home/roryconlin/GoogleDrive/SCHOOL/Princeton/PPPL/eigen/build/CMakeFiles/CMakeTmp

Run Build Command:"/usr/bin/make" "cmTC_18d34/fast"
/usr/bin/make -f CMakeFiles/cmTC_18d34.dir/build.make CMakeFiles/cmTC_18d34.dir/build
make[1]: Entering directory '/home/roryconlin/GoogleDrive/SCHOOL/Princeton/PPPL/eigen/build/CMakeFiles/CMakeTmp'
Building CXX object CMakeFiles/cmTC_18d34.dir/src.cxx.o
/usr/bin/c++    -std=c++03 -pedantic -Wall -Wextra -Wundef -Wcast-align -Wchar-subscripts -Wnon-virtual-dtor -DCOMPILER_SUPPORT_Wunusedlocaltypedefs -Werror   -Wunused-local-typedefs -o CMakeFiles/cmTC_18d34.dir/src.cxx.o -c /home/roryconlin/GoogleDrive/SCHOOL/Princeton/PPPL/eigen/build/CMakeFiles/CMakeTmp/src.cxx
Linking CXX executable cmTC_18d34
/usr/bin/cmake -E cmake_link_script CMakeFiles/cmTC_18d34.dir/link.txt --verbose=1
/usr/bin/c++   -std=c++03 -pedantic -Wall -Wextra -Wundef -Wcast-align -Wchar-subscripts -Wnon-virtual-dtor -DCOMPILER_SUPPORT_Wunusedlocaltypedefs -Werror    -rdynamic CMakeFiles/cmTC_18d34.dir/src.cxx.o  -o cmTC_18d34 
make[1]: Leaving directory '/home/roryconlin/GoogleDrive/SCHOOL/Princeton/PPPL/eigen/build/CMakeFiles/CMakeTmp'

Source file was:
int main() { return 0; }
Performing C++ SOURCE FILE Test COMPILER_SUPPORT_Wpointerarith succeeded with the following output:
Change Dir: /home/roryconlin/GoogleDrive/SCHOOL/Princeton/PPPL/eigen/build/CMakeFiles/CMakeTmp

Run Build Command:"/usr/bin/make" "cmTC_84b72/fast"
/usr/bin/make -f CMakeFiles/cmTC_84b72.dir/build.make CMakeFiles/cmTC_84b72.dir/build
make[1]: Entering directory '/home/roryconlin/GoogleDrive/SCHOOL/Princeton/PPPL/eigen/build/CMakeFiles/CMakeTmp'
Building CXX object CMakeFiles/cmTC_84b72.dir/src.cxx.o
/usr/bin/c++    -std=c++03 -pedantic -Wall -Wextra -Wundef -Wcast-align -Wchar-subscripts -Wnon-virtual-dtor -Wunused-local-typedefs -DCOMPILER_SUPPORT_Wpointerarith -Werror   -Wpointer-arith -o CMakeFiles/cmTC_84b72.dir/src.cxx.o -c /home/roryconlin/GoogleDrive/SCHOOL/Princeton/PPPL/eigen/build/CMakeFiles/CMakeTmp/src.cxx
Linking CXX executable cmTC_84b72
/usr/bin/cmake -E cmake_link_script CMakeFiles/cmTC_84b72.dir/link.txt --verbose=1
/usr/bin/c++   -std=c++03 -pedantic -Wall -Wextra -Wundef -Wcast-align -Wchar-subscripts -Wnon-virtual-dtor -Wunused-local-typedefs -DCOMPILER_SUPPORT_Wpointerarith -Werror    -rdynamic CMakeFiles/cmTC_84b72.dir/src.cxx.o  -o cmTC_84b72 
make[1]: Leaving directory '/home/roryconlin/GoogleDrive/SCHOOL/Princeton/PPPL/eigen/build/CMakeFiles/CMakeTmp'

Source file was:
int main() { return 0; }
Performing C++ SOURCE FILE Test COMPILER_SUPPORT_Wwritestrings succeeded with the following output:
Change Dir: /home/roryconlin/GoogleDrive/SCHOOL/Princeton/PPPL/eigen/build/CMakeFiles/CMakeTmp

Run Build Command:"/usr/bin/make" "cmTC_88f6d/fast"
/usr/bin/make -f CMakeFiles/cmTC_88f6d.dir/build.make CMakeFiles/cmTC_88f6d.dir/build
make[1]: Entering directory '/home/roryconlin/GoogleDrive/SCHOOL/Princeton/PPPL/eigen/build/CMakeFiles/CMakeTmp'
Building CXX object CMakeFiles/cmTC_88f6d.dir/src.cxx.o
/usr/bin/c++    -std=c++03 -pedantic -Wall -Wextra -Wundef -Wcast-align -Wchar-subscripts -Wnon-virtual-dtor -Wunused-local-typedefs -Wpointer-arith -DCOMPILER_SUPPORT_Wwritestrings -Werror   -Wwrite-strings -o CMakeFiles/cmTC_88f6d.dir/src.cxx.o -c /home/roryconlin/GoogleDrive/SCHOOL/Princeton/PPPL/eigen/build/CMakeFiles/CMakeTmp/src.cxx
Linking CXX executable cmTC_88f6d
/usr/bin/cmake -E cmake_link_script CMakeFiles/cmTC_88f6d.dir/link.txt --verbose=1
/usr/bin/c++   -std=c++03 -pedantic -Wall -Wextra -Wundef -Wcast-align -Wchar-subscripts -Wnon-virtual-dtor -Wunused-local-typedefs -Wpointer-arith -DCOMPILER_SUPPORT_Wwritestrings -Werror    -rdynamic CMakeFiles/cmTC_88f6d.dir/src.cxx.o  -o cmTC_88f6d 
make[1]: Leaving directory '/home/roryconlin/GoogleDrive/SCHOOL/Princeton/PPPL/eigen/build/CMakeFiles/CMakeTmp'

Source file was:
int main() { return 0; }
Performing C++ SOURCE FILE Test COMPILER_SUPPORT_Wformatsecurity succeeded with the following output:
Change Dir: /home/roryconlin/GoogleDrive/SCHOOL/Princeton/PPPL/eigen/build/CMakeFiles/CMakeTmp

Run Build Command:"/usr/bin/make" "cmTC_81e98/fast"
/usr/bin/make -f CMakeFiles/cmTC_81e98.dir/build.make CMakeFiles/cmTC_81e98.dir/build
make[1]: Entering directory '/home/roryconlin/GoogleDrive/SCHOOL/Princeton/PPPL/eigen/build/CMakeFiles/CMakeTmp'
Building CXX object CMakeFiles/cmTC_81e98.dir/src.cxx.o
/usr/bin/c++    -std=c++03 -pedantic -Wall -Wextra -Wundef -Wcast-align -Wchar-subscripts -Wnon-virtual-dtor -Wunused-local-typedefs -Wpointer-arith -Wwrite-strings -DCOMPILER_SUPPORT_Wformatsecurity -Werror   -Wformat-security -o CMakeFiles/cmTC_81e98.dir/src.cxx.o -c /home/roryconlin/GoogleDrive/SCHOOL/Princeton/PPPL/eigen/build/CMakeFiles/CMakeTmp/src.cxx
Linking CXX executable cmTC_81e98
/usr/bin/cmake -E cmake_link_script CMakeFiles/cmTC_81e98.dir/link.txt --verbose=1
/usr/bin/c++   -std=c++03 -pedantic -Wall -Wextra -Wundef -Wcast-align -Wchar-subscripts -Wnon-virtual-dtor -Wunused-local-typedefs -Wpointer-arith -Wwrite-strings -DCOMPILER_SUPPORT_Wformatsecurity -Werror    -rdynamic CMakeFiles/cmTC_81e98.dir/src.cxx.o  -o cmTC_81e98 
make[1]: Leaving directory '/home/roryconlin/GoogleDrive/SCHOOL/Princeton/PPPL/eigen/build/CMakeFiles/CMakeTmp'

Source file was:
int main() { return 0; }
Performing C++ SOURCE FILE Test COMPILER_SUPPORT_Wlogicalop succeeded with the following output:
Change Dir: /home/roryconlin/GoogleDrive/SCHOOL/Princeton/PPPL/eigen/build/CMakeFiles/CMakeTmp

Run Build Command:"/usr/bin/make" "cmTC_c3fe7/fast"
/usr/bin/make -f CMakeFiles/cmTC_c3fe7.dir/build.make CMakeFiles/cmTC_c3fe7.dir/build
make[1]: Entering directory '/home/roryconlin/GoogleDrive/SCHOOL/Princeton/PPPL/eigen/build/CMakeFiles/CMakeTmp'
Building CXX object CMakeFiles/cmTC_c3fe7.dir/src.cxx.o
/usr/bin/c++    -std=c++03 -pedantic -Wall -Wextra -Wundef -Wcast-align -Wchar-subscripts -Wnon-virtual-dtor -Wunused-local-typedefs -Wpointer-arith -Wwrite-strings -Wformat-security -DCOMPILER_SUPPORT_Wlogicalop -Werror   -Wlogical-op -o CMakeFiles/cmTC_c3fe7.dir/src.cxx.o -c /home/roryconlin/GoogleDrive/SCHOOL/Princeton/PPPL/eigen/build/CMakeFiles/CMakeTmp/src.cxx
Linking CXX executable cmTC_c3fe7
/usr/bin/cmake -E cmake_link_script CMakeFiles/cmTC_c3fe7.dir/link.txt --verbose=1
/usr/bin/c++   -std=c++03 -pedantic -Wall -Wextra -Wundef -Wcast-align -Wchar-subscripts -Wnon-virtual-dtor -Wunused-local-typedefs -Wpointer-arith -Wwrite-strings -Wformat-security -DCOMPILER_SUPPORT_Wlogicalop -Werror    -rdynamic CMakeFiles/cmTC_c3fe7.dir/src.cxx.o  -o cmTC_c3fe7 
make[1]: Leaving directory '/home/roryconlin/GoogleDrive/SCHOOL/Princeton/PPPL/eigen/build/CMakeFiles/CMakeTmp'

Source file was:
int main() { return 0; }
Performing C++ SOURCE FILE Test COMPILER_SUPPORT_Wdoublepromotion succeeded with the following output:
Change Dir: /home/roryconlin/GoogleDrive/SCHOOL/Princeton/PPPL/eigen/build/CMakeFiles/CMakeTmp

Run Build Command:"/usr/bin/make" "cmTC_cbb40/fast"
/usr/bin/make -f CMakeFiles/cmTC_cbb40.dir/build.make CMakeFiles/cmTC_cbb40.dir/build
make[1]: Entering directory '/home/roryconlin/GoogleDrive/SCHOOL/Princeton/PPPL/eigen/build/CMakeFiles/CMakeTmp'
Building CXX object CMakeFiles/cmTC_cbb40.dir/src.cxx.o
/usr/bin/c++    -std=c++03 -pedantic -Wall -Wextra -Wundef -Wcast-align -Wchar-subscripts -Wnon-virtual-dtor -Wunused-local-typedefs -Wpointer-arith -Wwrite-strings -Wformat-security -Wlogical-op -DCOMPILER_SUPPORT_Wdoublepromotion -Werror   -Wdouble-promotion -o CMakeFiles/cmTC_cbb40.dir/src.cxx.o -c /home/roryconlin/GoogleDrive/SCHOOL/Princeton/PPPL/eigen/build/CMakeFiles/CMakeTmp/src.cxx
Linking CXX executable cmTC_cbb40
/usr/bin/cmake -E cmake_link_script CMakeFiles/cmTC_cbb40.dir/link.txt --verbose=1
/usr/bin/c++   -std=c++03 -pedantic -Wall -Wextra -Wundef -Wcast-align -Wchar-subscripts -Wnon-virtual-dtor -Wunused-local-typedefs -Wpointer-arith -Wwrite-strings -Wformat-security -Wlogical-op -DCOMPILER_SUPPORT_Wdoublepromotion -Werror    -rdynamic CMakeFiles/cmTC_cbb40.dir/src.cxx.o  -o cmTC_cbb40 
make[1]: Leaving directory '/home/roryconlin/GoogleDrive/SCHOOL/Princeton/PPPL/eigen/build/CMakeFiles/CMakeTmp'

Source file was:
int main() { return 0; }
Performing C++ SOURCE FILE Test COMPILER_SUPPORT_Wshadow succeeded with the following output:
Change Dir: /home/roryconlin/GoogleDrive/SCHOOL/Princeton/PPPL/eigen/build/CMakeFiles/CMakeTmp

Run Build Command:"/usr/bin/make" "cmTC_fdee8/fast"
/usr/bin/make -f CMakeFiles/cmTC_fdee8.dir/build.make CMakeFiles/cmTC_fdee8.dir/build
make[1]: Entering directory '/home/roryconlin/GoogleDrive/SCHOOL/Princeton/PPPL/eigen/build/CMakeFiles/CMakeTmp'
Building CXX object CMakeFiles/cmTC_fdee8.dir/src.cxx.o
/usr/bin/c++    -std=c++03 -pedantic -Wall -Wextra -Wundef -Wcast-align -Wchar-subscripts -Wnon-virtual-dtor -Wunused-local-typedefs -Wpointer-arith -Wwrite-strings -Wformat-security -Wlogical-op -Wdouble-promotion -DCOMPILER_SUPPORT_Wshadow -Werror   -Wshadow -o CMakeFiles/cmTC_fdee8.dir/src.cxx.o -c /home/roryconlin/GoogleDrive/SCHOOL/Princeton/PPPL/eigen/build/CMakeFiles/CMakeTmp/src.cxx
Linking CXX executable cmTC_fdee8
/usr/bin/cmake -E cmake_link_script CMakeFiles/cmTC_fdee8.dir/link.txt --verbose=1
/usr/bin/c++   -std=c++03 -pedantic -Wall -Wextra -Wundef -Wcast-align -Wchar-subscripts -Wnon-virtual-dtor -Wunused-local-typedefs -Wpointer-arith -Wwrite-strings -Wformat-security -Wlogical-op -Wdouble-promotion -DCOMPILER_SUPPORT_Wshadow -Werror    -rdynamic CMakeFiles/cmTC_fdee8.dir/src.cxx.o  -o cmTC_fdee8 
make[1]: Leaving directory '/home/roryconlin/GoogleDrive/SCHOOL/Princeton/PPPL/eigen/build/CMakeFiles/CMakeTmp'

Source file was:
int main() { return 0; }
Performing C++ SOURCE FILE Test COMPILER_SUPPORT_Wnopsabi succeeded with the following output:
Change Dir: /home/roryconlin/GoogleDrive/SCHOOL/Princeton/PPPL/eigen/build/CMakeFiles/CMakeTmp

Run Build Command:"/usr/bin/make" "cmTC_b859f/fast"
/usr/bin/make -f CMakeFiles/cmTC_b859f.dir/build.make CMakeFiles/cmTC_b859f.dir/build
make[1]: Entering directory '/home/roryconlin/GoogleDrive/SCHOOL/Princeton/PPPL/eigen/build/CMakeFiles/CMakeTmp'
Building CXX object CMakeFiles/cmTC_b859f.dir/src.cxx.o
/usr/bin/c++    -std=c++03 -pedantic -Wall -Wextra -Wundef -Wcast-align -Wchar-subscripts -Wnon-virtual-dtor -Wunused-local-typedefs -Wpointer-arith -Wwrite-strings -Wformat-security -Wlogical-op -Wdouble-promotion -Wshadow -DCOMPILER_SUPPORT_Wnopsabi -Werror   -Wno-psabi -o CMakeFiles/cmTC_b859f.dir/src.cxx.o -c /home/roryconlin/GoogleDrive/SCHOOL/Princeton/PPPL/eigen/build/CMakeFiles/CMakeTmp/src.cxx
Linking CXX executable cmTC_b859f
/usr/bin/cmake -E cmake_link_script CMakeFiles/cmTC_b859f.dir/link.txt --verbose=1
/usr/bin/c++   -std=c++03 -pedantic -Wall -Wextra -Wundef -Wcast-align -Wchar-subscripts -Wnon-virtual-dtor -Wunused-local-typedefs -Wpointer-arith -Wwrite-strings -Wformat-security -Wlogical-op -Wdouble-promotion -Wshadow -DCOMPILER_SUPPORT_Wnopsabi -Werror    -rdynamic CMakeFiles/cmTC_b859f.dir/src.cxx.o  -o cmTC_b859f 
make[1]: Leaving directory '/home/roryconlin/GoogleDrive/SCHOOL/Princeton/PPPL/eigen/build/CMakeFiles/CMakeTmp'

Source file was:
int main() { return 0; }
Performing C++ SOURCE FILE Test COMPILER_SUPPORT_Wnovariadicmacros succeeded with the following output:
Change Dir: /home/roryconlin/GoogleDrive/SCHOOL/Princeton/PPPL/eigen/build/CMakeFiles/CMakeTmp

Run Build Command:"/usr/bin/make" "cmTC_6edc9/fast"
/usr/bin/make -f CMakeFiles/cmTC_6edc9.dir/build.make CMakeFiles/cmTC_6edc9.dir/build
make[1]: Entering directory '/home/roryconlin/GoogleDrive/SCHOOL/Princeton/PPPL/eigen/build/CMakeFiles/CMakeTmp'
Building CXX object CMakeFiles/cmTC_6edc9.dir/src.cxx.o
/usr/bin/c++    -std=c++03 -pedantic -Wall -Wextra -Wundef -Wcast-align -Wchar-subscripts -Wnon-virtual-dtor -Wunused-local-typedefs -Wpointer-arith -Wwrite-strings -Wformat-security -Wlogical-op -Wdouble-promotion -Wshadow -Wno-psabi -DCOMPILER_SUPPORT_Wnovariadicmacros -Werror   -Wno-variadic-macros -o CMakeFiles/cmTC_6edc9.dir/src.cxx.o -c /home/roryconlin/GoogleDrive/SCHOOL/Princeton/PPPL/eigen/build/CMakeFiles/CMakeTmp/src.cxx
Linking CXX executable cmTC_6edc9
/usr/bin/cmake -E cmake_link_script CMakeFiles/cmTC_6edc9.dir/link.txt --verbose=1
/usr/bin/c++   -std=c++03 -pedantic -Wall -Wextra -Wundef -Wcast-align -Wchar-subscripts -Wnon-virtual-dtor -Wunused-local-typedefs -Wpointer-arith -Wwrite-strings -Wformat-security -Wlogical-op -Wdouble-promotion -Wshadow -Wno-psabi -DCOMPILER_SUPPORT_Wnovariadicmacros -Werror    -rdynamic CMakeFiles/cmTC_6edc9.dir/src.cxx.o  -o cmTC_6edc9 
make[1]: Leaving directory '/home/roryconlin/GoogleDrive/SCHOOL/Princeton/PPPL/eigen/build/CMakeFiles/CMakeTmp'

Source file was:
int main() { return 0; }
Performing C++ SOURCE FILE Test COMPILER_SUPPORT_Wnolonglong succeeded with the following output:
Change Dir: /home/roryconlin/GoogleDrive/SCHOOL/Princeton/PPPL/eigen/build/CMakeFiles/CMakeTmp

Run Build Command:"/usr/bin/make" "cmTC_1d937/fast"
/usr/bin/make -f CMakeFiles/cmTC_1d937.dir/build.make CMakeFiles/cmTC_1d937.dir/build
make[1]: Entering directory '/home/roryconlin/GoogleDrive/SCHOOL/Princeton/PPPL/eigen/build/CMakeFiles/CMakeTmp'
Building CXX object CMakeFiles/cmTC_1d937.dir/src.cxx.o
/usr/bin/c++    -std=c++03 -pedantic -Wall -Wextra -Wundef -Wcast-align -Wchar-subscripts -Wnon-virtual-dtor -Wunused-local-typedefs -Wpointer-arith -Wwrite-strings -Wformat-security -Wlogical-op -Wdouble-promotion -Wshadow -Wno-psabi -Wno-variadic-macros -DCOMPILER_SUPPORT_Wnolonglong -Werror   -Wno-long-long -o CMakeFiles/cmTC_1d937.dir/src.cxx.o -c /home/roryconlin/GoogleDrive/SCHOOL/Princeton/PPPL/eigen/build/CMakeFiles/CMakeTmp/src.cxx
Linking CXX executable cmTC_1d937
/usr/bin/cmake -E cmake_link_script CMakeFiles/cmTC_1d937.dir/link.txt --verbose=1
/usr/bin/c++   -std=c++03 -pedantic -Wall -Wextra -Wundef -Wcast-align -Wchar-subscripts -Wnon-virtual-dtor -Wunused-local-typedefs -Wpointer-arith -Wwrite-strings -Wformat-security -Wlogical-op -Wdouble-promotion -Wshadow -Wno-psabi -Wno-variadic-macros -DCOMPILER_SUPPORT_Wnolonglong -Werror    -rdynamic CMakeFiles/cmTC_1d937.dir/src.cxx.o  -o cmTC_1d937 
make[1]: Leaving directory '/home/roryconlin/GoogleDrive/SCHOOL/Princeton/PPPL/eigen/build/CMakeFiles/CMakeTmp'

Source file was:
int main() { return 0; }
Performing C++ SOURCE FILE Test COMPILER_SUPPORT_fnochecknew succeeded with the following output:
Change Dir: /home/roryconlin/GoogleDrive/SCHOOL/Princeton/PPPL/eigen/build/CMakeFiles/CMakeTmp

Run Build Command:"/usr/bin/make" "cmTC_461f6/fast"
/usr/bin/make -f CMakeFiles/cmTC_461f6.dir/build.make CMakeFiles/cmTC_461f6.dir/build
make[1]: Entering directory '/home/roryconlin/GoogleDrive/SCHOOL/Princeton/PPPL/eigen/build/CMakeFiles/CMakeTmp'
Building CXX object CMakeFiles/cmTC_461f6.dir/src.cxx.o
/usr/bin/c++    -std=c++03 -pedantic -Wall -Wextra -Wundef -Wcast-align -Wchar-subscripts -Wnon-virtual-dtor -Wunused-local-typedefs -Wpointer-arith -Wwrite-strings -Wformat-security -Wlogical-op -Wdouble-promotion -Wshadow -Wno-psabi -Wno-variadic-macros -Wno-long-long -DCOMPILER_SUPPORT_fnochecknew -Werror   -fno-check-new -o CMakeFiles/cmTC_461f6.dir/src.cxx.o -c /home/roryconlin/GoogleDrive/SCHOOL/Princeton/PPPL/eigen/build/CMakeFiles/CMakeTmp/src.cxx
Linking CXX executable cmTC_461f6
/usr/bin/cmake -E cmake_link_script CMakeFiles/cmTC_461f6.dir/link.txt --verbose=1
/usr/bin/c++   -std=c++03 -pedantic -Wall -Wextra -Wundef -Wcast-align -Wchar-subscripts -Wnon-virtual-dtor -Wunused-local-typedefs -Wpointer-arith -Wwrite-strings -Wformat-security -Wlogical-op -Wdouble-promotion -Wshadow -Wno-psabi -Wno-variadic-macros -Wno-long-long -DCOMPILER_SUPPORT_fnochecknew -Werror    -rdynamic CMakeFiles/cmTC_461f6.dir/src.cxx.o  -o cmTC_461f6 
make[1]: Leaving directory '/home/roryconlin/GoogleDrive/SCHOOL/Princeton/PPPL/eigen/build/CMakeFiles/CMakeTmp'

Source file was:
int main() { return 0; }
Performing C++ SOURCE FILE Test COMPILER_SUPPORT_fnocommon succeeded with the following output:
Change Dir: /home/roryconlin/GoogleDrive/SCHOOL/Princeton/PPPL/eigen/build/CMakeFiles/CMakeTmp

Run Build Command:"/usr/bin/make" "cmTC_74e71/fast"
/usr/bin/make -f CMakeFiles/cmTC_74e71.dir/build.make CMakeFiles/cmTC_74e71.dir/build
make[1]: Entering directory '/home/roryconlin/GoogleDrive/SCHOOL/Princeton/PPPL/eigen/build/CMakeFiles/CMakeTmp'
Building CXX object CMakeFiles/cmTC_74e71.dir/src.cxx.o
/usr/bin/c++    -std=c++03 -pedantic -Wall -Wextra -Wundef -Wcast-align -Wchar-subscripts -Wnon-virtual-dtor -Wunused-local-typedefs -Wpointer-arith -Wwrite-strings -Wformat-security -Wlogical-op -Wdouble-promotion -Wshadow -Wno-psabi -Wno-variadic-macros -Wno-long-long -fno-check-new -DCOMPILER_SUPPORT_fnocommon -Werror   -fno-common -o CMakeFiles/cmTC_74e71.dir/src.cxx.o -c /home/roryconlin/GoogleDrive/SCHOOL/Princeton/PPPL/eigen/build/CMakeFiles/CMakeTmp/src.cxx
Linking CXX executable cmTC_74e71
/usr/bin/cmake -E cmake_link_script CMakeFiles/cmTC_74e71.dir/link.txt --verbose=1
/usr/bin/c++   -std=c++03 -pedantic -Wall -Wextra -Wundef -Wcast-align -Wchar-subscripts -Wnon-virtual-dtor -Wunused-local-typedefs -Wpointer-arith -Wwrite-strings -Wformat-security -Wlogical-op -Wdouble-promotion -Wshadow -Wno-psabi -Wno-variadic-macros -Wno-long-long -fno-check-new -DCOMPILER_SUPPORT_fnocommon -Werror    -rdynamic CMakeFiles/cmTC_74e71.dir/src.cxx.o  -o cmTC_74e71 
make[1]: Leaving directory '/home/roryconlin/GoogleDrive/SCHOOL/Princeton/PPPL/eigen/build/CMakeFiles/CMakeTmp'

Source file was:
int main() { return 0; }
Performing C++ SOURCE FILE Test COMPILER_SUPPORT_fstrictaliasing succeeded with the following output:
Change Dir: /home/roryconlin/GoogleDrive/SCHOOL/Princeton/PPPL/eigen/build/CMakeFiles/CMakeTmp

Run Build Command:"/usr/bin/make" "cmTC_208ab/fast"
/usr/bin/make -f CMakeFiles/cmTC_208ab.dir/build.make CMakeFiles/cmTC_208ab.dir/build
make[1]: Entering directory '/home/roryconlin/GoogleDrive/SCHOOL/Princeton/PPPL/eigen/build/CMakeFiles/CMakeTmp'
Building CXX object CMakeFiles/cmTC_208ab.dir/src.cxx.o
/usr/bin/c++    -std=c++03 -pedantic -Wall -Wextra -Wundef -Wcast-align -Wchar-subscripts -Wnon-virtual-dtor -Wunused-local-typedefs -Wpointer-arith -Wwrite-strings -Wformat-security -Wlogical-op -Wdouble-promotion -Wshadow -Wno-psabi -Wno-variadic-macros -Wno-long-long -fno-check-new -fno-common -DCOMPILER_SUPPORT_fstrictaliasing -Werror   -fstrict-aliasing -o CMakeFiles/cmTC_208ab.dir/src.cxx.o -c /home/roryconlin/GoogleDrive/SCHOOL/Princeton/PPPL/eigen/build/CMakeFiles/CMakeTmp/src.cxx
Linking CXX executable cmTC_208ab
/usr/bin/cmake -E cmake_link_script CMakeFiles/cmTC_208ab.dir/link.txt --verbose=1
/usr/bin/c++   -std=c++03 -pedantic -Wall -Wextra -Wundef -Wcast-align -Wchar-subscripts -Wnon-virtual-dtor -Wunused-local-typedefs -Wpointer-arith -Wwrite-strings -Wformat-security -Wlogical-op -Wdouble-promotion -Wshadow -Wno-psabi -Wno-variadic-macros -Wno-long-long -fno-check-new -fno-common -DCOMPILER_SUPPORT_fstrictaliasing -Werror    -rdynamic CMakeFiles/cmTC_208ab.dir/src.cxx.o  -o cmTC_208ab 
make[1]: Leaving directory '/home/roryconlin/GoogleDrive/SCHOOL/Princeton/PPPL/eigen/build/CMakeFiles/CMakeTmp'

Source file was:
int main() { return 0; }
Performing C++ SOURCE FILE Test COMPILER_SUPPORT_ansi succeeded with the following output:
Change Dir: /home/roryconlin/GoogleDrive/SCHOOL/Princeton/PPPL/eigen/build/CMakeFiles/CMakeTmp

Run Build Command:"/usr/bin/make" "cmTC_d1278/fast"
/usr/bin/make -f CMakeFiles/cmTC_d1278.dir/build.make CMakeFiles/cmTC_d1278.dir/build
make[1]: Entering directory '/home/roryconlin/GoogleDrive/SCHOOL/Princeton/PPPL/eigen/build/CMakeFiles/CMakeTmp'
Building CXX object CMakeFiles/cmTC_d1278.dir/src.cxx.o
/usr/bin/c++    -std=c++03 -pedantic -Wall -Wextra -Wundef -Wcast-align -Wchar-subscripts -Wnon-virtual-dtor -Wunused-local-typedefs -Wpointer-arith -Wwrite-strings -Wformat-security -Wlogical-op -Wdouble-promotion -Wshadow -Wno-psabi -Wno-variadic-macros -Wno-long-long -fno-check-new -fno-common -fstrict-aliasing -DCOMPILER_SUPPORT_ansi -Werror   -ansi -o CMakeFiles/cmTC_d1278.dir/src.cxx.o -c /home/roryconlin/GoogleDrive/SCHOOL/Princeton/PPPL/eigen/build/CMakeFiles/CMakeTmp/src.cxx
Linking CXX executable cmTC_d1278
/usr/bin/cmake -E cmake_link_script CMakeFiles/cmTC_d1278.dir/link.txt --verbose=1
/usr/bin/c++   -std=c++03 -pedantic -Wall -Wextra -Wundef -Wcast-align -Wchar-subscripts -Wnon-virtual-dtor -Wunused-local-typedefs -Wpointer-arith -Wwrite-strings -Wformat-security -Wlogical-op -Wdouble-promotion -Wshadow -Wno-psabi -Wno-variadic-macros -Wno-long-long -fno-check-new -fno-common -fstrict-aliasing -DCOMPILER_SUPPORT_ansi -Werror    -rdynamic CMakeFiles/cmTC_d1278.dir/src.cxx.o  -o cmTC_d1278 
make[1]: Leaving directory '/home/roryconlin/GoogleDrive/SCHOOL/Princeton/PPPL/eigen/build/CMakeFiles/CMakeTmp'

Source file was:
int main() { return 0; }
Performing C++ SOURCE FILE Test COMPILER_SUPPORT_OPENMP succeeded with the following output:
Change Dir: /home/roryconlin/GoogleDrive/SCHOOL/Princeton/PPPL/eigen/build/CMakeFiles/CMakeTmp

Run Build Command:"/usr/bin/make" "cmTC_ae0d6/fast"
/usr/bin/make -f CMakeFiles/cmTC_ae0d6.dir/build.make CMakeFiles/cmTC_ae0d6.dir/build
make[1]: Entering directory '/home/roryconlin/GoogleDrive/SCHOOL/Princeton/PPPL/eigen/build/CMakeFiles/CMakeTmp'
Building CXX object CMakeFiles/cmTC_ae0d6.dir/src.cxx.o
/usr/bin/c++    -std=c++03 -pedantic -Wall -Wextra -Wundef -Wcast-align -Wchar-subscripts -Wnon-virtual-dtor -Wunused-local-typedefs -Wpointer-arith -Wwrite-strings -Wformat-security -Wlogical-op -Wdouble-promotion -Wshadow -Wno-psabi -Wno-variadic-macros -Wno-long-long -fno-check-new -fno-common -fstrict-aliasing -ansi -DCOMPILER_SUPPORT_OPENMP   -fopenmp -o CMakeFiles/cmTC_ae0d6.dir/src.cxx.o -c /home/roryconlin/GoogleDrive/SCHOOL/Princeton/PPPL/eigen/build/CMakeFiles/CMakeTmp/src.cxx
Linking CXX executable cmTC_ae0d6
/usr/bin/cmake -E cmake_link_script CMakeFiles/cmTC_ae0d6.dir/link.txt --verbose=1
/usr/bin/c++   -std=c++03 -pedantic -Wall -Wextra -Wundef -Wcast-align -Wchar-subscripts -Wnon-virtual-dtor -Wunused-local-typedefs -Wpointer-arith -Wwrite-strings -Wformat-security -Wlogical-op -Wdouble-promotion -Wshadow -Wno-psabi -Wno-variadic-macros -Wno-long-long -fno-check-new -fno-common -fstrict-aliasing -ansi -DCOMPILER_SUPPORT_OPENMP    -rdynamic CMakeFiles/cmTC_ae0d6.dir/src.cxx.o  -o cmTC_ae0d6 
make[1]: Leaving directory '/home/roryconlin/GoogleDrive/SCHOOL/Princeton/PPPL/eigen/build/CMakeFiles/CMakeTmp'

Source file was:
int main() { return 0; }
Determining if the include file pthread.h exists passed with the following output:
Change Dir: /home/roryconlin/GoogleDrive/SCHOOL/Princeton/PPPL/eigen/build/CMakeFiles/CMakeTmp

Run Build Command:"/usr/bin/make" "cmTC_6cc6b/fast"
/usr/bin/make -f CMakeFiles/cmTC_6cc6b.dir/build.make CMakeFiles/cmTC_6cc6b.dir/build
make[1]: Entering directory '/home/roryconlin/GoogleDrive/SCHOOL/Princeton/PPPL/eigen/build/CMakeFiles/CMakeTmp'
Building C object CMakeFiles/cmTC_6cc6b.dir/CheckIncludeFile.c.o
/usr/bin/cc    -o CMakeFiles/cmTC_6cc6b.dir/CheckIncludeFile.c.o   -c /home/roryconlin/GoogleDrive/SCHOOL/Princeton/PPPL/eigen/build/CMakeFiles/CMakeTmp/CheckIncludeFile.c
Linking C executable cmTC_6cc6b
/usr/bin/cmake -E cmake_link_script CMakeFiles/cmTC_6cc6b.dir/link.txt --verbose=1
/usr/bin/cc      -rdynamic CMakeFiles/cmTC_6cc6b.dir/CheckIncludeFile.c.o  -o cmTC_6cc6b 
make[1]: Leaving directory '/home/roryconlin/GoogleDrive/SCHOOL/Princeton/PPPL/eigen/build/CMakeFiles/CMakeTmp'


Determining if the function pthread_create exists in the pthread passed with the following output:
Change Dir: /home/roryconlin/GoogleDrive/SCHOOL/Princeton/PPPL/eigen/build/CMakeFiles/CMakeTmp

Run Build Command:"/usr/bin/make" "cmTC_e59f4/fast"
/usr/bin/make -f CMakeFiles/cmTC_e59f4.dir/build.make CMakeFiles/cmTC_e59f4.dir/build
make[1]: Entering directory '/home/roryconlin/GoogleDrive/SCHOOL/Princeton/PPPL/eigen/build/CMakeFiles/CMakeTmp'
Building C object CMakeFiles/cmTC_e59f4.dir/CheckFunctionExists.c.o
/usr/bin/cc   -DCHECK_FUNCTION_EXISTS=pthread_create   -o CMakeFiles/cmTC_e59f4.dir/CheckFunctionExists.c.o   -c /usr/share/cmake-3.10/Modules/CheckFunctionExists.c
Linking C executable cmTC_e59f4
/usr/bin/cmake -E cmake_link_script CMakeFiles/cmTC_e59f4.dir/link.txt --verbose=1
/usr/bin/cc  -DCHECK_FUNCTION_EXISTS=pthread_create    -rdynamic CMakeFiles/cmTC_e59f4.dir/CheckFunctionExists.c.o  -o cmTC_e59f4 -lpthread 
make[1]: Leaving directory '/home/roryconlin/GoogleDrive/SCHOOL/Princeton/PPPL/eigen/build/CMakeFiles/CMakeTmp'


Performing C++ SOURCE FILE Test COMPILER_SUPPORT_FASTMATH succeeded with the following output:
Change Dir: /home/roryconlin/GoogleDrive/SCHOOL/Princeton/PPPL/eigen/build/CMakeFiles/CMakeTmp

Run Build Command:"/usr/bin/make" "cmTC_2d4a4/fast"
/usr/bin/make -f CMakeFiles/cmTC_2d4a4.dir/build.make CMakeFiles/cmTC_2d4a4.dir/build
make[1]: Entering directory '/home/roryconlin/GoogleDrive/SCHOOL/Princeton/PPPL/eigen/build/CMakeFiles/CMakeTmp'
Building CXX object CMakeFiles/cmTC_2d4a4.dir/src.cxx.o
/usr/bin/c++    -std=c++03 -pedantic -Wall -Wextra -Wundef -Wcast-align -Wchar-subscripts -Wnon-virtual-dtor -Wunused-local-typedefs -Wpointer-arith -Wwrite-strings -Wformat-security -Wlogical-op -Wdouble-promotion -Wshadow -Wno-psabi -Wno-variadic-macros -Wno-long-long -fno-check-new -fno-common -fstrict-aliasing -ansi -DCOMPILER_SUPPORT_FASTMATH   -ffast-math -o CMakeFiles/cmTC_2d4a4.dir/src.cxx.o -c /home/roryconlin/GoogleDrive/SCHOOL/Princeton/PPPL/eigen/build/CMakeFiles/CMakeTmp/src.cxx
Linking CXX executable cmTC_2d4a4
/usr/bin/cmake -E cmake_link_script CMakeFiles/cmTC_2d4a4.dir/link.txt --verbose=1
/usr/bin/c++   -std=c++03 -pedantic -Wall -Wextra -Wundef -Wcast-align -Wchar-subscripts -Wnon-virtual-dtor -Wunused-local-typedefs -Wpointer-arith -Wwrite-strings -Wformat-security -Wlogical-op -Wdouble-promotion -Wshadow -Wno-psabi -Wno-variadic-macros -Wno-long-long -fno-check-new -fno-common -fstrict-aliasing -ansi -DCOMPILER_SUPPORT_FASTMATH    -rdynamic CMakeFiles/cmTC_2d4a4.dir/src.cxx.o  -o cmTC_2d4a4 
make[1]: Leaving directory '/home/roryconlin/GoogleDrive/SCHOOL/Princeton/PPPL/eigen/build/CMakeFiles/CMakeTmp'

Source file was:
int main() { return 0; }
